#
# A fatal error has been detected by the Java Runtime Environment:
#
#  EXCEPTION_ACCESS_VIOLATION (0xc0000005) at pc=0x00007fffe7f31da3, pid=636, tid=21804
#
# JRE version: OpenJDK Runtime Environment (11.0.7+10) (build 11.0.7+10)
# Java VM: OpenJDK 64-Bit Server VM (11.0.7+10, mixed mode, tiered, compressed oops, g1 gc, windows-amd64)
# Problematic frame:
# V  [jvm.dll+0x501da3]
#
# No core dump will be written. Minidumps are not enabled by default on client versions of Windows
#
# If you would like to submit a bug report, please visit:
#   https://github.com/AdoptOpenJDK/openjdk-support/issues
#

---------------  S U M M A R Y ------------

Command Line: --add-opens=java.base/java.util=ALL-UNNAMED --add-opens=java.base/java.lang=ALL-UNNAMED --add-opens=java.base/java.lang.invoke=ALL-UNNAMED --add-opens=java.prefs/java.util.prefs=ALL-UNNAMED -XX:MaxMetaspaceSize=256m -XX:+HeapDumpOnOutOfMemoryError -Xms256m -Xmx512m -Dfile.encoding=windows-1252 -Duser.country=CO -Duser.language=es -Duser.variant org.gradle.launcher.daemon.bootstrap.GradleDaemon 6.6.1

Host: Intel(R) Core(TM) i5-1035G4 CPU @ 1.10GHz, 8 cores, 11G,  Windows 10 , 64 bit Build 19041 (10.0.19041.292)
Time: Wed Oct  7 11:07:13 2020 Hora est. Pacífico, Sudamérica elapsed time: 4094 seconds (0d 1h 8m 14s)

---------------  T H R E A D  ---------------

Current thread (0x000001a55cb00000):  JavaThread "C2 CompilerThread1" daemon [_thread_in_native, id=21804, stack(0x0000007b4a200000,0x0000007b4a300000)]


Current CompileTask:
C2:4094137 21460   !   4       org.gradle.internal.event.DefaultListenerManager$EventBroadcast::maybeRemove (87 bytes)

Stack: [0x0000007b4a200000,0x0000007b4a300000],  sp=0x0000007b4a2fa690,  free space=1001k
Native frames: (J=compiled Java code, j=interpreted, Vv=VM code, C=native code)
V  [jvm.dll+0x501da3]
V  [jvm.dll+0x501760]
V  [jvm.dll+0x502ed1]
V  [jvm.dll+0x500521]
V  [jvm.dll+0x500378]
V  [jvm.dll+0x4ff74b]
V  [jvm.dll+0x2025cd]
V  [jvm.dll+0x1fc53a]
V  [jvm.dll+0x1f952f]
V  [jvm.dll+0x17e11c]
V  [jvm.dll+0x208a97]
V  [jvm.dll+0x206c7b]
V  [jvm.dll+0x6db519]
V  [jvm.dll+0x6d47b4]
V  [jvm.dll+0x5ddbe6]
C  [ucrtbase.dll+0x214c2]
C  [KERNEL32.DLL+0x16fd4]
C  [ntdll.dll+0x4cec1]


siginfo: EXCEPTION_ACCESS_VIOLATION (0xc0000005), writing address 0x000000084007dc78


Register to memory mapping:

RIP=0x00007fffe7f31da3 jvm.dll
RAX=0x00000000af855e40 is an unknown value
RBX=0x000001a560896140 points into unknown readable memory: c8 48 24 e8 ff 7f 00 00
RCX=0x00000000000008ff is an unknown value
RDX=0x000001a55e7b0138 points into unknown readable memory: 60 82 20 e8 ff 7f 00 00
RSP=0x0000007b4a2fa690 is pointing into the stack for thread: 0x000001a55cb00000
RBP=0x000001a5653d0808 points into unknown readable memory: 60 82 20 e8 ff 7f 00 00
RSI=0x0000007b4a2fad70 is pointing into the stack for thread: 0x000001a55cb00000
RDI=0x00000000000008ff is an unknown value
R8 =0x0000000000002000 is an unknown value
R9 =0x000001a5653d0808 points into unknown readable memory: 60 82 20 e8 ff 7f 00 00
R10=0x0 is NULL
R11=0x000001a55d7cd8c0 points into unknown readable memory: 98 b6 80 5d a5 01 00 00
R12=0x0000000000000030 is an unknown value
R13=0x0000007b4a2fb748 is pointing into the stack for thread: 0x000001a55cb00000
R14=0x0000000000000023 is an unknown value
R15=0x000001a561fd6ab0 points into unknown readable memory: 20 9d 19 e8 ff 7f 00 00


Registers:
RAX=0x00000000af855e40, RBX=0x000001a560896140, RCX=0x00000000000008ff, RDX=0x000001a55e7b0138
RSP=0x0000007b4a2fa690, RBP=0x000001a5653d0808, RSI=0x0000007b4a2fad70, RDI=0x00000000000008ff
R8 =0x0000000000002000, R9 =0x000001a5653d0808, R10=0x0000000000000000, R11=0x000001a55d7cd8c0
R12=0x0000000000000030, R13=0x0000007b4a2fb748, R14=0x0000000000000023, R15=0x000001a561fd6ab0
RIP=0x00007fffe7f31da3, EFLAGS=0x0000000000010287

Top of Stack: (sp=0x0000007b4a2fa690)
0x0000007b4a2fa690:   000001a5608982c0 0000007b4a2fb900
0x0000007b4a2fa6a0:   0000000000010010 0000000000000000
0x0000007b4a2fa6b0:   000001a5653d0808 0000007b4a2fad70
0x0000007b4a2fa6c0:   000001a560445f38 0000000000000000
0x0000007b4a2fa6d0:   000001a5653d0808 00007fffe7f31760
0x0000007b4a2fa6e0:   000001a561fd6ab0 0000007b4a2fa900
0x0000007b4a2fa6f0:   000001a560898518 000001a5653d0808
0x0000007b4a2fa700:   000001a5653d0808 0000007b4a2fad70
0x0000007b4a2fa710:   000001a5653d0808 000001a565409ca8
0x0000007b4a2fa720:   0000007b4a2fa8a0 0000007b4a2fa960
0x0000007b4a2fa730:   000001a565588b88 00007fffe7f32ed1
0x0000007b4a2fa740:   00000000000004be 000001a560445f78
0x0000007b4a2fa750:   000001a565409ca8 000001a561d13c90
0x0000007b4a2fa760:   000001a561d13c90 000001a500000020
0x0000007b4a2fa770:   000001a55d7cd840 00007fffe7fef5c3
0x0000007b4a2fa780:   000001a5637e01b8 000001a565409ca8 

Instructions: (pc=0x00007fffe7f31da3)
0x00007fffe7f31ca3:   4c 8d ae d8 09 00 00 66 0f 1f 44 00 00 45 3b f4
0x00007fffe7f31cb3:   0f 86 aa 00 00 00 41 8b 7f 28 41 3b 7d 08 72 0a
0x00007fffe7f31cc3:   8b d7 49 8b cd e8 a3 c1 0b 00 49 8b 45 10 48 89
0x00007fffe7f31cd3:   2c f8 41 8b 4f 28 48 8b 86 f8 09 00 00 4c 8b 3c
0x00007fffe7f31ce3:   c8 4c 8d 04 c8 49 8b 47 08 48 83 38 00 75 28 8b
0x00007fffe7f31cf3:   56 28 41 8b 47 28 3b c2 73 0c 8b c8 48 8b 46 30
0x00007fffe7f31d03:   4c 8b 3c c8 eb 03 45 33 ff 49 83 e7 fe 49 8b 47
0x00007fffe7f31d13:   08 48 83 38 00 74 db 4d 89 38 41 8b 47 28 3b 86
0x00007fffe7f31d23:   f0 09 00 00 72 28 4c 8d 0d 1b 6c 2d 00 ba 8a 03
0x00007fffe7f31d33:   00 00 4c 8d 05 24 e3 34 00 48 8d 0d 4d 54 30 00
0x00007fffe7f31d43:   e8 68 eb d3 ff e8 e3 53 0d 00 41 8b 47 28 8b c8
0x00007fffe7f31d53:   48 8b 86 00 0a 00 00 44 8b 34 88 e9 67 03 00 00
0x00007fffe7f31d63:   0f 83 c5 00 00 00 8b 7b 28 44 8b 86 e0 09 00 00
0x00007fffe7f31d73:   41 3b f8 73 0d 48 8b 86 e8 09 00 00 48 8b 14 f8
0x00007fffe7f31d83:   eb 02 33 d2 48 3b d5 0f 84 43 03 00 00 41 3b f8
0x00007fffe7f31d93:   72 0a 8b d7 49 8b cd e8 d1 c0 0b 00 49 8b 45 10
0x00007fffe7f31da3:   48 89 2c f8 8b 4b 28 48 8b 86 f8 09 00 00 48 8b
0x00007fffe7f31db3:   1c c8 48 8d 14 c8 48 8b 43 08 48 83 38 00 75 24
0x00007fffe7f31dc3:   8b 4e 28 8b 43 28 3b c1 73 0a 48 8b 5e 30 48 8b
0x00007fffe7f31dd3:   1c c3 eb 02 33 db 48 83 e3 fe 48 8b 43 08 48 83
0x00007fffe7f31de3:   38 00 74 df 48 89 1a 8b 43 28 3b 86 f0 09 00 00
0x00007fffe7f31df3:   72 27 4c 8d 0d 4f 6b 2d 00 ba 8a 03 00 00 4c 8d
0x00007fffe7f31e03:   05 58 e2 34 00 48 8d 0d 81 53 30 00 e8 9c ea d3
0x00007fffe7f31e13:   ff e8 17 53 0d 00 8b 43 28 8b c8 48 8b 86 00 0a
0x00007fffe7f31e23:   00 00 44 8b 24 88 e9 9c 02 00 00 41 8b 7f 28 41
0x00007fffe7f31e33:   3b 7d 08 72 0a 8b d7 49 8b cd e8 2e c0 0b 00 49
0x00007fffe7f31e43:   8b 45 10 48 89 2c f8 48 8b 86 f8 09 00 00 41 8b
0x00007fffe7f31e53:   4f 28 48 8b 3c c8 4c 8d 04 c8 48 8b 47 08 48 83
0x00007fffe7f31e63:   38 00 75 2c 8b 56 28 66 0f 1f 44 00 00 8b 47 28
0x00007fffe7f31e73:   3b c2 73 0c 8b c8 48 8b 46 30 48 8b 3c c8 eb 02
0x00007fffe7f31e83:   33 ff 48 83 e7 fe 48 8b 47 08 48 83 38 00 74 dd
0x00007fffe7f31e93:   49 89 38 48 85 ff 75 24 4c 8d 0d 86 e1 34 00 ba 


Stack slot to memory mapping:
stack at sp + 0 slots: 0x000001a5608982c0 points into unknown readable memory: e8 e6 20 e8 ff 7f 00 00
stack at sp + 1 slots: 0x0000007b4a2fb900 is pointing into the stack for thread: 0x000001a55cb00000
stack at sp + 2 slots: 0x0000000000010010 is an unknown value
stack at sp + 3 slots: 0x0 is NULL
stack at sp + 4 slots: 0x000001a5653d0808 points into unknown readable memory: 60 82 20 e8 ff 7f 00 00
stack at sp + 5 slots: 0x0000007b4a2fad70 is pointing into the stack for thread: 0x000001a55cb00000
stack at sp + 6 slots: 0x000001a560445f38 points into unknown readable memory: 18 85 89 60 a5 01 00 00
stack at sp + 7 slots: 0x0 is NULL


---------------  P R O C E S S  ---------------

Threads class SMR info:
_java_thread_list=0x000001a55c5f32f0, length=58, elements={
0x000001a53df66800, 0x000001a55b5d3800, 0x000001a55b5dd000, 0x000001a55b5ed800,
0x000001a55b5ef800, 0x000001a55b5f0800, 0x000001a55bf6a800, 0x000001a55bf6c000,
0x000001a55c0d4800, 0x000001a55c0ec000, 0x000001a55d337000, 0x000001a55d524800,
0x000001a55d62a800, 0x000001a55e085800, 0x000001a55e080800, 0x000001a55e082800,
0x000001a55e083000, 0x000001a561355800, 0x000001a55caf3800, 0x000001a55cafb000,
0x000001a55caf3000, 0x000001a55caf7000, 0x000001a55caf5800, 0x000001a55caf9800,
0x000001a55caf4800, 0x000001a55caf8000, 0x000001a55caf6000, 0x000001a55cafc000,
0x000001a55cafd800, 0x000001a55cafe800, 0x000001a55cb01000, 0x000001a55caff000,
0x000001a55cb00000, 0x000001a55cb01800, 0x000001a561356800, 0x000001a561354000,
0x000001a56135a800, 0x000001a561357000, 0x000001a56135e800, 0x000001a56135b000,
0x000001a56135c000, 0x000001a56135d800, 0x000001a561358800, 0x000001a56135f800,
0x000001a561361000, 0x000001a561362800, 0x000001a561360000, 0x000001a561361800,
0x000001a560086000, 0x000001a560088000, 0x000001a560083000, 0x000001a560084000,
0x000001a560087000, 0x000001a560085800, 0x000001a560084800, 0x000001a560082000,
0x000001a56008b000, 0x000001a560089800
}

Java Threads: ( => current thread )
  0x000001a53df66800 JavaThread "main" [_thread_blocked, id=13024, stack(0x0000007b47a00000,0x0000007b47b00000)]
  0x000001a55b5d3800 JavaThread "Reference Handler" daemon [_thread_blocked, id=6628, stack(0x0000007b48100000,0x0000007b48200000)]
  0x000001a55b5dd000 JavaThread "Finalizer" daemon [_thread_blocked, id=1680, stack(0x0000007b48200000,0x0000007b48300000)]
  0x000001a55b5ed800 JavaThread "Signal Dispatcher" daemon [_thread_blocked, id=21344, stack(0x0000007b48300000,0x0000007b48400000)]
  0x000001a55b5ef800 JavaThread "Attach Listener" daemon [_thread_blocked, id=4136, stack(0x0000007b48400000,0x0000007b48500000)]
  0x000001a55b5f0800 JavaThread "C2 CompilerThread0" daemon [_thread_in_native, id=18124, stack(0x0000007b48500000,0x0000007b48600000)]
  0x000001a55bf6a800 JavaThread "C1 CompilerThread0" daemon [_thread_in_native, id=12488, stack(0x0000007b48600000,0x0000007b48700000)]
  0x000001a55bf6c000 JavaThread "Sweeper thread" daemon [_thread_blocked, id=16992, stack(0x0000007b48700000,0x0000007b48800000)]
  0x000001a55c0d4800 JavaThread "Common-Cleaner" daemon [_thread_blocked, id=22408, stack(0x0000007b48800000,0x0000007b48900000)]
  0x000001a55c0ec000 JavaThread "Service Thread" daemon [_thread_blocked, id=20116, stack(0x0000007b48900000,0x0000007b48a00000)]
  0x000001a55d337000 JavaThread "Daemon health stats" [_thread_blocked, id=6384, stack(0x0000007b49100000,0x0000007b49200000)]
  0x000001a55d524800 JavaThread "Incoming local TCP Connector on port 60232" [_thread_in_native, id=18784, stack(0x0000007b49300000,0x0000007b49400000)]
  0x000001a55d62a800 JavaThread "Daemon periodic checks" [_thread_blocked, id=10964, stack(0x0000007b49400000,0x0000007b49500000)]
  0x000001a55e085800 JavaThread "Cache worker for file hash cache (C:\Users\jhone\.gradle\caches\6.6.1\fileHashes)" [_thread_blocked, id=5168, stack(0x0000007b49c00000,0x0000007b49d00000)]
  0x000001a55e080800 JavaThread "File lock request listener" [_thread_in_native, id=21828, stack(0x0000007b49d00000,0x0000007b49e00000)]
  0x000001a55e082800 JavaThread "Cache worker for journal cache (C:\Users\jhone\.gradle\caches\journal-1)" [_thread_blocked, id=23336, stack(0x0000007b4a100000,0x0000007b4a200000)]
  0x000001a55e083000 JavaThread "Cache worker for execution history cache (C:\Users\jhone\.gradle\caches\6.6.1\executionHistory)" [_thread_blocked, id=18416, stack(0x0000007b4a700000,0x0000007b4a800000)]
  0x000001a561355800 JavaThread "Cache worker for file content cache (C:\Users\jhone\.gradle\caches\6.6.1\fileContent)" [_thread_blocked, id=23148, stack(0x0000007b4a900000,0x0000007b4aa00000)]
  0x000001a55caf3800 JavaThread "Memory manager" [_thread_blocked, id=21172, stack(0x0000007b4c400000,0x0000007b4c500000)]
  0x000001a55cafb000 JavaThread "Cache worker for Java compile cache (C:\Users\jhone\.gradle\caches\6.6.1\javaCompile)" [_thread_blocked, id=7088, stack(0x0000007b4ce00000,0x0000007b4cf00000)]
  0x000001a55caf3000 JavaThread "Daemon Thread 22" [_thread_blocked, id=18876, stack(0x0000007b47700000,0x0000007b47800000)]
  0x000001a55caf7000 JavaThread "Handler for socket connection from /127.0.0.1:60232 to /127.0.0.1:60922" [_thread_in_native, id=3352, stack(0x0000007b47800000,0x0000007b47900000)]
  0x000001a55caf5800 JavaThread "Cancel handler" [_thread_blocked, id=23372, stack(0x0000007b47900000,0x0000007b47a00000)]
  0x000001a55caf9800 JavaThread "Daemon worker Thread 22" [_thread_in_native, id=23384, stack(0x0000007b48b00000,0x0000007b48c00000)]
  0x000001a55caf4800 JavaThread "Asynchronous log dispatcher for DefaultDaemonConnection: socket connection from /127.0.0.1:60232 to /127.0.0.1:60922" [_thread_blocked, id=1904, stack(0x0000007b49200000,0x0000007b49300000)]
  0x000001a55caf8000 JavaThread "Stdin handler" [_thread_blocked, id=15224, stack(0x0000007b49500000,0x0000007b49600000)]
  0x000001a55caf6000 JavaThread "Thread-1509" [_thread_blocked, id=19068, stack(0x0000007b49600000,0x0000007b49700000)]
  0x000001a55cafc000 JavaThread "Cache worker for file hash cache (C:\Users\jhone\Documents\Poli\Trabajo de grado\libroDeOroScouts\back-librodeoro\.gradle\6.6.1\fileHashes)" [_thread_blocked, id=7048, stack(0x0000007b49700000,0x0000007b49800000)]
  0x000001a55cafd800 JavaThread "Cache worker for checksums cache (C:\Users\jhone\Documents\Poli\Trabajo de grado\libroDeOroScouts\back-librodeoro\.gradle\checksums)" [_thread_blocked, id=3448, stack(0x0000007b49800000,0x0000007b49900000)]
  0x000001a55cafe800 JavaThread "Cache worker for cache directory md-supplier (C:\Users\jhone\.gradle\caches\6.6.1\md-supplier)" [_thread_blocked, id=20980, stack(0x0000007b49900000,0x0000007b49a00000)]
  0x000001a55cb01000 JavaThread "Cache worker for cache directory md-rule (C:\Users\jhone\.gradle\caches\6.6.1\md-rule)" [_thread_blocked, id=15724, stack(0x0000007b49a00000,0x0000007b49b00000)]
  0x000001a55caff000 JavaThread "jar transforms Thread 358" [_thread_blocked, id=22616, stack(0x0000007b49b00000,0x0000007b49c00000)]
=>0x000001a55cb00000 JavaThread "C2 CompilerThread1" daemon [_thread_in_native, id=21804, stack(0x0000007b4a200000,0x0000007b4a300000)]
  0x000001a55cb01800 JavaThread "Cache worker for Build Output Cleanup Cache (C:\Users\jhone\Documents\Poli\Trabajo de grado\libroDeOroScouts\back-librodeoro\.gradle\buildOutputCleanup)" [_thread_blocked, id=21080, stack(0x0000007b4a300000,0x0000007b4a400000)]
  0x000001a561356800 JavaThread "Build operations" [_thread_blocked, id=11576, stack(0x0000007b4a400000,0x0000007b4a500000)]
  0x000001a561354000 JavaThread "Build operations Thread 2" [_thread_blocked, id=19076, stack(0x0000007b4a500000,0x0000007b4a600000)]
  0x000001a56135a800 JavaThread "Build operations Thread 3" [_thread_blocked, id=7524, stack(0x0000007b4a600000,0x0000007b4a700000)]
  0x000001a561357000 JavaThread "Build operations Thread 4" [_thread_blocked, id=18540, stack(0x0000007b4a800000,0x0000007b4a900000)]
  0x000001a56135e800 JavaThread "Build operations Thread 5" [_thread_blocked, id=23036, stack(0x0000007b4aa00000,0x0000007b4ab00000)]
  0x000001a56135b000 JavaThread "Build operations Thread 6" [_thread_blocked, id=8816, stack(0x0000007b4ab00000,0x0000007b4ac00000)]
  0x000001a56135c000 JavaThread "Build operations Thread 7" [_thread_blocked, id=21764, stack(0x0000007b4ac00000,0x0000007b4ad00000)]
  0x000001a56135d800 JavaThread "Build operations Thread 8" [_thread_blocked, id=20816, stack(0x0000007b4ad00000,0x0000007b4ae00000)]
  0x000001a561358800 JavaThread "jar transforms Thread 359" [_thread_blocked, id=21096, stack(0x0000007b4ae00000,0x0000007b4af00000)]
  0x000001a56135f800 JavaThread "jar transforms Thread 360" [_thread_blocked, id=20744, stack(0x0000007b4af00000,0x0000007b4b000000)]
  0x000001a561361000 JavaThread "jar transforms Thread 361" [_thread_blocked, id=16976, stack(0x0000007b4b000000,0x0000007b4b100000)]
  0x000001a561362800 JavaThread "jar transforms Thread 362" [_thread_blocked, id=1532, stack(0x0000007b4b100000,0x0000007b4b200000)]
  0x000001a561360000 JavaThread "jar transforms Thread 363" [_thread_blocked, id=12972, stack(0x0000007b4b200000,0x0000007b4b300000)]
  0x000001a561361800 JavaThread "jar transforms Thread 364" [_thread_blocked, id=7352, stack(0x0000007b4b400000,0x0000007b4b500000)]
  0x000001a560086000 JavaThread "jar transforms Thread 365" [_thread_blocked, id=21508, stack(0x0000007b4b500000,0x0000007b4b600000)]
  0x000001a560088000 JavaThread "jar transforms Thread 366" [_thread_blocked, id=15020, stack(0x0000007b4b600000,0x0000007b4b700000)]
  0x000001a560083000 JavaThread "jar transforms Thread 367" [_thread_blocked, id=22728, stack(0x0000007b4b700000,0x0000007b4b800000)]
  0x000001a560084000 JavaThread "jar transforms Thread 368" [_thread_blocked, id=15232, stack(0x0000007b4b800000,0x0000007b4b900000)]
  0x000001a560087000 JavaThread "jar transforms Thread 369" [_thread_blocked, id=3768, stack(0x0000007b4b900000,0x0000007b4ba00000)]
  0x000001a560085800 JavaThread "jar transforms Thread 370" [_thread_blocked, id=13300, stack(0x0000007b4ba00000,0x0000007b4bb00000)]
  0x000001a560084800 JavaThread "jar transforms Thread 371" [_thread_blocked, id=20468, stack(0x0000007b4bb00000,0x0000007b4bc00000)]
  0x000001a560082000 JavaThread "jar transforms Thread 372" [_thread_blocked, id=19388, stack(0x0000007b4bc00000,0x0000007b4bd00000)]
  0x000001a56008b000 JavaThread "jar transforms Thread 373" [_thread_blocked, id=23212, stack(0x0000007b4bd00000,0x0000007b4be00000)]
  0x000001a560089800 JavaThread "jar transforms Thread 374" [_thread_blocked, id=14440, stack(0x0000007b4be00000,0x0000007b4bf00000)]

Other Threads:
  0x000001a55b5af800 VMThread "VM Thread" [stack: 0x0000007b48000000,0x0000007b48100000] [id=19048]
  0x000001a55c107000 WatcherThread [stack: 0x0000007b48a00000,0x0000007b48b00000] [id=20440]
  0x000001a53df7e800 GCTaskThread "GC Thread#0" [stack: 0x0000007b47b00000,0x0000007b47c00000] [id=32]
  0x000001a55cbce800 GCTaskThread "GC Thread#1" [stack: 0x0000007b48c00000,0x0000007b48d00000] [id=23368]
  0x000001a55cbcf000 GCTaskThread "GC Thread#2" [stack: 0x0000007b48d00000,0x0000007b48e00000] [id=4140]
  0x000001a55c9a4000 GCTaskThread "GC Thread#3" [stack: 0x0000007b48e00000,0x0000007b48f00000] [id=5336]
  0x000001a55c9a4800 GCTaskThread "GC Thread#4" [stack: 0x0000007b48f00000,0x0000007b49000000] [id=22532]
  0x000001a55cef7800 GCTaskThread "GC Thread#5" [stack: 0x0000007b49000000,0x0000007b49100000] [id=17840]
  0x000001a55e1a9000 GCTaskThread "GC Thread#6" [stack: 0x0000007b49e00000,0x0000007b49f00000] [id=7040]
  0x000001a55c932800 GCTaskThread "GC Thread#7" [stack: 0x0000007b49f00000,0x0000007b4a000000] [id=13068]
  0x000001a53df91800 ConcurrentGCThread "G1 Main Marker" [stack: 0x0000007b47c00000,0x0000007b47d00000] [id=20064]
  0x000001a53df95000 ConcurrentGCThread "G1 Conc#0" [stack: 0x0000007b47d00000,0x0000007b47e00000] [id=9100]
  0x000001a55e315800 ConcurrentGCThread "G1 Conc#1" [stack: 0x0000007b4a000000,0x0000007b4a100000] [id=15028]
  0x000001a55b448800 ConcurrentGCThread "G1 Refine#0" [stack: 0x0000007b47e00000,0x0000007b47f00000] [id=20276]
  0x000001a563dbf800 ConcurrentGCThread "G1 Refine#1" [stack: 0x0000007b4b300000,0x0000007b4b400000] [id=22024]
  0x000001a55eac6000 ConcurrentGCThread "G1 Refine#2" [stack: 0x0000007b4d000000,0x0000007b4d100000] [id=8468]
  0x000001a55cb81800 ConcurrentGCThread "G1 Refine#3" [stack: 0x0000007b4d100000,0x0000007b4d200000] [id=17036]
  0x000001a55b449000 ConcurrentGCThread "G1 Young RemSet Sampling" [stack: 0x0000007b47f00000,0x0000007b48000000] [id=18244]

Threads with active compile tasks:
C2 CompilerThread04094182 21438       4       org.gradle.groovy.scripts.internal.GradleResolveVisitor::transform (193 bytes)
C1 CompilerThread04094182 21475       3       org.gradle.cache.internal.DefaultPersistentDirectoryStore::getCleanupAction (10 bytes)
C2 CompilerThread14094182 21460   !   4       org.gradle.internal.event.DefaultListenerManager$EventBroadcast::maybeRemove (87 bytes)

VM state:not at safepoint (normal execution)

VM Mutex/Monitor currently owned by a thread: None

Heap address: 0x00000000e0000000, size: 512 MB, Compressed Oops mode: 32-bit
Narrow klass base: 0x0000000000000000, Narrow klass shift: 3
Compressed class space size: 260046848 Address: 0x0000000100000000

Heap:
 garbage-first heap   total 262144K, used 167128K [0x00000000e0000000, 0x0000000100000000)
  region size 1024K, 67 young (68608K), 10 survivors (10240K)
 Metaspace       used 80020K, capacity 83047K, committed 85632K, reserved 329728K
  class space    used 9356K, capacity 10575K, committed 11648K, reserved 253952K
Heap Regions: E=young(eden), S=young(survivor), O=old, HS=humongous(starts), HC=humongous(continues), CS=collection set, F=free, A=archive, TAMS=top-at-mark-start (previous, next)
|   0|0x00000000e0000000, 0x00000000e0100000, 0x00000000e0100000|100%| O|  |TAMS 0x00000000e0100000, 0x00000000e0000000| Untracked 
|   1|0x00000000e0100000, 0x00000000e0200000, 0x00000000e0200000|100%| O|  |TAMS 0x00000000e0200000, 0x00000000e0100000| Untracked 
|   2|0x00000000e0200000, 0x00000000e0300000, 0x00000000e0300000|100%| O|  |TAMS 0x00000000e0300000, 0x00000000e0200000| Untracked 
|   3|0x00000000e0300000, 0x00000000e0400000, 0x00000000e0400000|100%|HS|  |TAMS 0x00000000e0400000, 0x00000000e0300000| Complete 
|   4|0x00000000e0400000, 0x00000000e0500000, 0x00000000e0500000|100%|HC|  |TAMS 0x00000000e0500000, 0x00000000e0400000| Complete 
|   5|0x00000000e0500000, 0x00000000e0600000, 0x00000000e0600000|100%|HC|  |TAMS 0x00000000e0600000, 0x00000000e0500000| Complete 
|   6|0x00000000e0600000, 0x00000000e0700000, 0x00000000e0700000|100%| O|  |TAMS 0x00000000e0700000, 0x00000000e0600000| Untracked 
|   7|0x00000000e0700000, 0x00000000e0800000, 0x00000000e0800000|100%| O|  |TAMS 0x00000000e0800000, 0x00000000e0700000| Untracked 
|   8|0x00000000e0800000, 0x00000000e0900000, 0x00000000e0900000|100%| O|  |TAMS 0x00000000e0900000, 0x00000000e0800000| Untracked 
|   9|0x00000000e0900000, 0x00000000e0a00000, 0x00000000e0a00000|100%| O|  |TAMS 0x00000000e0a00000, 0x00000000e0900000| Untracked 
|  10|0x00000000e0a00000, 0x00000000e0b00000, 0x00000000e0b00000|100%| O|  |TAMS 0x00000000e0b00000, 0x00000000e0a00000| Untracked 
|  11|0x00000000e0b00000, 0x00000000e0c00000, 0x00000000e0c00000|100%| O|  |TAMS 0x00000000e0c00000, 0x00000000e0b00000| Untracked 
|  12|0x00000000e0c00000, 0x00000000e0d00000, 0x00000000e0d00000|100%| O|  |TAMS 0x00000000e0d00000, 0x00000000e0c00000| Untracked 
|  13|0x00000000e0d00000, 0x00000000e0e00000, 0x00000000e0e00000|100%| O|  |TAMS 0x00000000e0e00000, 0x00000000e0d00000| Untracked 
|  14|0x00000000e0e00000, 0x00000000e0f00000, 0x00000000e0f00000|100%| O|  |TAMS 0x00000000e0f00000, 0x00000000e0e00000| Untracked 
|  15|0x00000000e0f00000, 0x00000000e1000000, 0x00000000e1000000|100%| O|  |TAMS 0x00000000e1000000, 0x00000000e0f00000| Untracked 
|  16|0x00000000e1000000, 0x00000000e1100000, 0x00000000e1100000|100%| O|  |TAMS 0x00000000e1100000, 0x00000000e1000000| Untracked 
|  17|0x00000000e1100000, 0x00000000e1200000, 0x00000000e1200000|100%| O|  |TAMS 0x00000000e1200000, 0x00000000e1100000| Untracked 
|  18|0x00000000e1200000, 0x00000000e1300000, 0x00000000e1300000|100%| O|  |TAMS 0x00000000e1300000, 0x00000000e1200000| Untracked 
|  19|0x00000000e1300000, 0x00000000e1400000, 0x00000000e1400000|100%| O|  |TAMS 0x00000000e1400000, 0x00000000e1300000| Untracked 
|  20|0x00000000e1400000, 0x00000000e1500000, 0x00000000e1500000|100%| O|  |TAMS 0x00000000e1500000, 0x00000000e1400000| Untracked 
|  21|0x00000000e1500000, 0x00000000e1600000, 0x00000000e1600000|100%| O|  |TAMS 0x00000000e1600000, 0x00000000e1500000| Untracked 
|  22|0x00000000e1600000, 0x00000000e1700000, 0x00000000e1700000|100%| O|  |TAMS 0x00000000e1700000, 0x00000000e1600000| Untracked 
|  23|0x00000000e1700000, 0x00000000e1800000, 0x00000000e1800000|100%| O|  |TAMS 0x00000000e1800000, 0x00000000e1700000| Untracked 
|  24|0x00000000e1800000, 0x00000000e1900000, 0x00000000e1900000|100%| O|  |TAMS 0x00000000e1900000, 0x00000000e1800000| Untracked 
|  25|0x00000000e1900000, 0x00000000e1a00000, 0x00000000e1a00000|100%| O|  |TAMS 0x00000000e1a00000, 0x00000000e1900000| Untracked 
|  26|0x00000000e1a00000, 0x00000000e1b00000, 0x00000000e1b00000|100%| O|  |TAMS 0x00000000e1b00000, 0x00000000e1a00000| Untracked 
|  27|0x00000000e1b00000, 0x00000000e1c00000, 0x00000000e1c00000|100%| O|  |TAMS 0x00000000e1c00000, 0x00000000e1b00000| Untracked 
|  28|0x00000000e1c00000, 0x00000000e1d00000, 0x00000000e1d00000|100%| O|  |TAMS 0x00000000e1d00000, 0x00000000e1c00000| Untracked 
|  29|0x00000000e1d00000, 0x00000000e1e00000, 0x00000000e1e00000|100%| O|  |TAMS 0x00000000e1e00000, 0x00000000e1d00000| Untracked 
|  30|0x00000000e1e00000, 0x00000000e1f00000, 0x00000000e1f00000|100%| O|  |TAMS 0x00000000e1f00000, 0x00000000e1e00000| Untracked 
|  31|0x00000000e1f00000, 0x00000000e2000000, 0x00000000e2000000|100%| O|  |TAMS 0x00000000e2000000, 0x00000000e1f00000| Untracked 
|  32|0x00000000e2000000, 0x00000000e2100000, 0x00000000e2100000|100%| O|  |TAMS 0x00000000e2100000, 0x00000000e2000000| Untracked 
|  33|0x00000000e2100000, 0x00000000e2200000, 0x00000000e2200000|100%| O|  |TAMS 0x00000000e2100000, 0x00000000e2100000| Untracked 
|  34|0x00000000e2200000, 0x00000000e2300000, 0x00000000e2300000|100%| O|  |TAMS 0x00000000e2200000, 0x00000000e2200000| Untracked 
|  35|0x00000000e2300000, 0x00000000e2400000, 0x00000000e2400000|100%| O|  |TAMS 0x00000000e2400000, 0x00000000e2300000| Untracked 
|  36|0x00000000e2400000, 0x00000000e2500000, 0x00000000e2500000|100%| O|  |TAMS 0x00000000e2500000, 0x00000000e2400000| Untracked 
|  37|0x00000000e2500000, 0x00000000e2600000, 0x00000000e2600000|100%| O|  |TAMS 0x00000000e2600000, 0x00000000e2500000| Untracked 
|  38|0x00000000e2600000, 0x00000000e2700000, 0x00000000e2700000|100%|HS|  |TAMS 0x00000000e2600000, 0x00000000e2600000| Complete 
|  39|0x00000000e2700000, 0x00000000e2800000, 0x00000000e2800000|100%| O|  |TAMS 0x00000000e2800000, 0x00000000e2700000| Untracked 
|  40|0x00000000e2800000, 0x00000000e2900000, 0x00000000e2900000|100%| O|  |TAMS 0x00000000e2900000, 0x00000000e2800000| Untracked 
|  41|0x00000000e2900000, 0x00000000e2a00000, 0x00000000e2a00000|100%| O|  |TAMS 0x00000000e2a00000, 0x00000000e2900000| Untracked 
|  42|0x00000000e2a00000, 0x00000000e2b00000, 0x00000000e2b00000|100%| O|  |TAMS 0x00000000e2b00000, 0x00000000e2a00000| Untracked 
|  43|0x00000000e2b00000, 0x00000000e2c00000, 0x00000000e2c00000|100%| O|  |TAMS 0x00000000e2c00000, 0x00000000e2b00000| Untracked 
|  44|0x00000000e2c00000, 0x00000000e2d00000, 0x00000000e2d00000|100%| O|  |TAMS 0x00000000e2d00000, 0x00000000e2c00000| Untracked 
|  45|0x00000000e2d00000, 0x00000000e2e00000, 0x00000000e2e00000|100%| O|  |TAMS 0x00000000e2e00000, 0x00000000e2d00000| Untracked 
|  46|0x00000000e2e00000, 0x00000000e2f00000, 0x00000000e2f00000|100%| O|  |TAMS 0x00000000e2f00000, 0x00000000e2e00000| Untracked 
|  47|0x00000000e2f00000, 0x00000000e3000000, 0x00000000e3000000|100%| O|  |TAMS 0x00000000e3000000, 0x00000000e2f00000| Untracked 
|  48|0x00000000e3000000, 0x00000000e3100000, 0x00000000e3100000|100%| O|  |TAMS 0x00000000e3100000, 0x00000000e3000000| Untracked 
|  49|0x00000000e3100000, 0x00000000e3200000, 0x00000000e3200000|100%| O|  |TAMS 0x00000000e3200000, 0x00000000e3100000| Untracked 
|  50|0x00000000e3200000, 0x00000000e3300000, 0x00000000e3300000|100%| O|  |TAMS 0x00000000e3300000, 0x00000000e3200000| Untracked 
|  51|0x00000000e3300000, 0x00000000e3400000, 0x00000000e3400000|100%| O|  |TAMS 0x00000000e3400000, 0x00000000e3300000| Untracked 
|  52|0x00000000e3400000, 0x00000000e3500000, 0x00000000e3500000|100%| O|  |TAMS 0x00000000e3500000, 0x00000000e3400000| Untracked 
|  53|0x00000000e3500000, 0x00000000e3600000, 0x00000000e3600000|100%| O|  |TAMS 0x00000000e3600000, 0x00000000e3500000| Untracked 
|  54|0x00000000e3600000, 0x00000000e3700000, 0x00000000e3700000|100%| O|  |TAMS 0x00000000e3700000, 0x00000000e3600000| Untracked 
|  55|0x00000000e3700000, 0x00000000e3800000, 0x00000000e3800000|100%| O|  |TAMS 0x00000000e3800000, 0x00000000e3700000| Untracked 
|  56|0x00000000e3800000, 0x00000000e3900000, 0x00000000e3900000|100%| O|  |TAMS 0x00000000e3900000, 0x00000000e3800000| Untracked 
|  57|0x00000000e3900000, 0x00000000e3a00000, 0x00000000e3a00000|100%| O|  |TAMS 0x00000000e3a00000, 0x00000000e3900000| Untracked 
|  58|0x00000000e3a00000, 0x00000000e3b00000, 0x00000000e3b00000|100%| O|  |TAMS 0x00000000e3a00000, 0x00000000e3a00000| Untracked 
|  59|0x00000000e3b00000, 0x00000000e3c00000, 0x00000000e3c00000|100%| O|  |TAMS 0x00000000e3b00000, 0x00000000e3b00000| Untracked 
|  60|0x00000000e3c00000, 0x00000000e3d00000, 0x00000000e3d00000|100%| O|  |TAMS 0x00000000e3c00000, 0x00000000e3c00000| Untracked 
|  61|0x00000000e3d00000, 0x00000000e3e00000, 0x00000000e3e00000|100%| O|  |TAMS 0x00000000e3e00000, 0x00000000e3d00000| Untracked 
|  62|0x00000000e3e00000, 0x00000000e3f00000, 0x00000000e3f00000|100%| O|  |TAMS 0x00000000e3f00000, 0x00000000e3e00000| Untracked 
|  63|0x00000000e3f00000, 0x00000000e4000000, 0x00000000e4000000|100%| O|  |TAMS 0x00000000e4000000, 0x00000000e3f00000| Untracked 
|  64|0x00000000e4000000, 0x00000000e4100000, 0x00000000e4100000|100%| O|  |TAMS 0x00000000e4000000, 0x00000000e4000000| Untracked 
|  65|0x00000000e4100000, 0x00000000e4200000, 0x00000000e4200000|100%| O|  |TAMS 0x00000000e4100000, 0x00000000e4100000| Untracked 
|  66|0x00000000e4200000, 0x00000000e4300000, 0x00000000e4300000|100%| O|  |TAMS 0x00000000e4200000, 0x00000000e4200000| Untracked 
|  67|0x00000000e4300000, 0x00000000e4308000, 0x00000000e4400000|  3%| O|  |TAMS 0x00000000e4300000, 0x00000000e4300000| Untracked 
|  68|0x00000000e4400000, 0x00000000e4500000, 0x00000000e4500000|100%| O|  |TAMS 0x00000000e4400000, 0x00000000e4400000| Untracked 
|  69|0x00000000e4500000, 0x00000000e4600000, 0x00000000e4600000|100%| O|  |TAMS 0x00000000e4500000, 0x00000000e4500000| Untracked 
|  70|0x00000000e4600000, 0x00000000e4600000, 0x00000000e4700000|  0%| F|  |TAMS 0x00000000e4600000, 0x00000000e4600000| Untracked 
|  71|0x00000000e4700000, 0x00000000e4800000, 0x00000000e4800000|100%|HS|  |TAMS 0x00000000e4700000, 0x00000000e4700000| Complete 
|  72|0x00000000e4800000, 0x00000000e4900000, 0x00000000e4900000|100%| O|  |TAMS 0x00000000e4800000, 0x00000000e4800000| Untracked 
|  73|0x00000000e4900000, 0x00000000e4a00000, 0x00000000e4a00000|100%| O|  |TAMS 0x00000000e4a00000, 0x00000000e4900000| Untracked 
|  74|0x00000000e4a00000, 0x00000000e4a00000, 0x00000000e4b00000|  0%| F|  |TAMS 0x00000000e4a00000, 0x00000000e4a00000| Untracked 
|  75|0x00000000e4b00000, 0x00000000e4c00000, 0x00000000e4c00000|100%| O|  |TAMS 0x00000000e4c00000, 0x00000000e4b00000| Untracked 
|  76|0x00000000e4c00000, 0x00000000e4d00000, 0x00000000e4d00000|100%| O|  |TAMS 0x00000000e4d00000, 0x00000000e4c00000| Untracked 
|  77|0x00000000e4d00000, 0x00000000e4e00000, 0x00000000e4e00000|100%| O|  |TAMS 0x00000000e4e00000, 0x00000000e4d00000| Untracked 
|  78|0x00000000e4e00000, 0x00000000e4f00000, 0x00000000e4f00000|100%| O|  |TAMS 0x00000000e4f00000, 0x00000000e4e00000| Untracked 
|  79|0x00000000e4f00000, 0x00000000e4f00000, 0x00000000e5000000|  0%| F|  |TAMS 0x00000000e4f00000, 0x00000000e4f00000| Untracked 
|  80|0x00000000e5000000, 0x00000000e5100000, 0x00000000e5100000|100%|HS|  |TAMS 0x00000000e5100000, 0x00000000e5000000| Complete 
|  81|0x00000000e5100000, 0x00000000e5200000, 0x00000000e5200000|100%| O|  |TAMS 0x00000000e5200000, 0x00000000e5100000| Untracked 
|  82|0x00000000e5200000, 0x00000000e5200000, 0x00000000e5300000|  0%| F|  |TAMS 0x00000000e5200000, 0x00000000e5200000| Untracked 
|  83|0x00000000e5300000, 0x00000000e5300000, 0x00000000e5400000|  0%| F|  |TAMS 0x00000000e5300000, 0x00000000e5300000| Untracked 
|  84|0x00000000e5400000, 0x00000000e5500000, 0x00000000e5500000|100%| O|  |TAMS 0x00000000e5400000, 0x00000000e5400000| Untracked 
|  85|0x00000000e5500000, 0x00000000e5500000, 0x00000000e5600000|  0%| F|  |TAMS 0x00000000e5500000, 0x00000000e5500000| Untracked 
|  86|0x00000000e5600000, 0x00000000e5700000, 0x00000000e5700000|100%| O|  |TAMS 0x00000000e5700000, 0x00000000e5600000| Untracked 
|  87|0x00000000e5700000, 0x00000000e5800000, 0x00000000e5800000|100%| O|  |TAMS 0x00000000e5800000, 0x00000000e5700000| Untracked 
|  88|0x00000000e5800000, 0x00000000e5900000, 0x00000000e5900000|100%| O|  |TAMS 0x00000000e5900000, 0x00000000e5800000| Untracked 
|  89|0x00000000e5900000, 0x00000000e5a00000, 0x00000000e5a00000|100%| O|  |TAMS 0x00000000e5a00000, 0x00000000e5900000| Untracked 
|  90|0x00000000e5a00000, 0x00000000e5b00000, 0x00000000e5b00000|100%| O|  |TAMS 0x00000000e5b00000, 0x00000000e5a00000| Untracked 
|  91|0x00000000e5b00000, 0x00000000e5c00000, 0x00000000e5c00000|100%| O|  |TAMS 0x00000000e5c00000, 0x00000000e5b00000| Untracked 
|  92|0x00000000e5c00000, 0x00000000e5c00000, 0x00000000e5d00000|  0%| F|  |TAMS 0x00000000e5c00000, 0x00000000e5c00000| Untracked 
|  93|0x00000000e5d00000, 0x00000000e5e00000, 0x00000000e5e00000|100%| O|  |TAMS 0x00000000e5e00000, 0x00000000e5d00000| Untracked 
|  94|0x00000000e5e00000, 0x00000000e5f00000, 0x00000000e5f00000|100%| O|  |TAMS 0x00000000e5f00000, 0x00000000e5e00000| Untracked 
|  95|0x00000000e5f00000, 0x00000000e6000000, 0x00000000e6000000|100%| O|  |TAMS 0x00000000e6000000, 0x00000000e5f00000| Untracked 
|  96|0x00000000e6000000, 0x00000000e6100000, 0x00000000e6100000|100%| O|  |TAMS 0x00000000e6100000, 0x00000000e6000000| Untracked 
|  97|0x00000000e6100000, 0x00000000e6200000, 0x00000000e6200000|100%| O|  |TAMS 0x00000000e6200000, 0x00000000e6100000| Untracked 
|  98|0x00000000e6200000, 0x00000000e6300000, 0x00000000e6300000|100%| O|  |TAMS 0x00000000e6285800, 0x00000000e6200000| Untracked 
|  99|0x00000000e6300000, 0x00000000e6400000, 0x00000000e6400000|100%| O|  |TAMS 0x00000000e6300000, 0x00000000e6300000| Untracked 
| 100|0x00000000e6400000, 0x00000000e6500000, 0x00000000e6500000|100%| O|  |TAMS 0x00000000e6400000, 0x00000000e6400000| Untracked 
| 101|0x00000000e6500000, 0x00000000e6600000, 0x00000000e6600000|100%| O|  |TAMS 0x00000000e6500000, 0x00000000e6500000| Untracked 
| 102|0x00000000e6600000, 0x00000000e6600000, 0x00000000e6700000|  0%| F|  |TAMS 0x00000000e6600000, 0x00000000e6600000| Untracked 
| 103|0x00000000e6700000, 0x00000000e6700000, 0x00000000e6800000|  0%| F|  |TAMS 0x00000000e6700000, 0x00000000e6700000| Untracked 
| 104|0x00000000e6800000, 0x00000000e6900000, 0x00000000e6900000|100%| O|  |TAMS 0x00000000e6800000, 0x00000000e6800000| Untracked 
| 105|0x00000000e6900000, 0x00000000e6a00000, 0x00000000e6a00000|100%| O|  |TAMS 0x00000000e6900000, 0x00000000e6900000| Untracked 
| 106|0x00000000e6a00000, 0x00000000e6b00000, 0x00000000e6b00000|100%| O|  |TAMS 0x00000000e6a00000, 0x00000000e6a00000| Untracked 
| 107|0x00000000e6b00000, 0x00000000e6c00000, 0x00000000e6c00000|100%| O|  |TAMS 0x00000000e6b00000, 0x00000000e6b00000| Untracked 
| 108|0x00000000e6c00000, 0x00000000e6c00000, 0x00000000e6d00000|  0%| F|  |TAMS 0x00000000e6c00000, 0x00000000e6c00000| Untracked 
| 109|0x00000000e6d00000, 0x00000000e6d00000, 0x00000000e6e00000|  0%| F|  |TAMS 0x00000000e6d00000, 0x00000000e6d00000| Untracked 
| 110|0x00000000e6e00000, 0x00000000e6e00000, 0x00000000e6f00000|  0%| F|  |TAMS 0x00000000e6e00000, 0x00000000e6e00000| Untracked 
| 111|0x00000000e6f00000, 0x00000000e6f00000, 0x00000000e7000000|  0%| F|  |TAMS 0x00000000e6f00000, 0x00000000e6f00000| Untracked 
| 112|0x00000000e7000000, 0x00000000e7000000, 0x00000000e7100000|  0%| F|  |TAMS 0x00000000e7000000, 0x00000000e7000000| Untracked 
| 113|0x00000000e7100000, 0x00000000e7100000, 0x00000000e7200000|  0%| F|  |TAMS 0x00000000e7100000, 0x00000000e7100000| Untracked 
| 114|0x00000000e7200000, 0x00000000e7200000, 0x00000000e7300000|  0%| F|  |TAMS 0x00000000e7200000, 0x00000000e7200000| Untracked 
| 115|0x00000000e7300000, 0x00000000e7300000, 0x00000000e7400000|  0%| F|  |TAMS 0x00000000e7300000, 0x00000000e7300000| Untracked 
| 116|0x00000000e7400000, 0x00000000e7400000, 0x00000000e7500000|  0%| F|  |TAMS 0x00000000e7400000, 0x00000000e7400000| Untracked 
| 117|0x00000000e7500000, 0x00000000e7500000, 0x00000000e7600000|  0%| F|  |TAMS 0x00000000e7500000, 0x00000000e7500000| Untracked 
| 118|0x00000000e7600000, 0x00000000e7600000, 0x00000000e7700000|  0%| F|  |TAMS 0x00000000e7600000, 0x00000000e7600000| Untracked 
| 119|0x00000000e7700000, 0x00000000e7700000, 0x00000000e7800000|  0%| F|  |TAMS 0x00000000e7700000, 0x00000000e7700000| Untracked 
| 120|0x00000000e7800000, 0x00000000e7800000, 0x00000000e7900000|  0%| F|  |TAMS 0x00000000e7800000, 0x00000000e7800000| Untracked 
| 121|0x00000000e7900000, 0x00000000e7900000, 0x00000000e7a00000|  0%| F|  |TAMS 0x00000000e7900000, 0x00000000e7900000| Untracked 
| 122|0x00000000e7a00000, 0x00000000e7a00000, 0x00000000e7b00000|  0%| F|  |TAMS 0x00000000e7a00000, 0x00000000e7a00000| Untracked 
| 123|0x00000000e7b00000, 0x00000000e7b00000, 0x00000000e7c00000|  0%| F|  |TAMS 0x00000000e7b00000, 0x00000000e7b00000| Untracked 
| 124|0x00000000e7c00000, 0x00000000e7c00000, 0x00000000e7d00000|  0%| F|  |TAMS 0x00000000e7c00000, 0x00000000e7c00000| Untracked 
| 125|0x00000000e7d00000, 0x00000000e7d00000, 0x00000000e7e00000|  0%| F|  |TAMS 0x00000000e7d00000, 0x00000000e7d00000| Untracked 
| 126|0x00000000e7e00000, 0x00000000e7e00000, 0x00000000e7f00000|  0%| F|  |TAMS 0x00000000e7e00000, 0x00000000e7e00000| Untracked 
| 127|0x00000000e7f00000, 0x00000000e7f00000, 0x00000000e8000000|  0%| F|  |TAMS 0x00000000e7f00000, 0x00000000e7f00000| Untracked 
| 128|0x00000000e8000000, 0x00000000e8000000, 0x00000000e8100000|  0%| F|  |TAMS 0x00000000e8000000, 0x00000000e8000000| Untracked 
| 129|0x00000000e8100000, 0x00000000e8100000, 0x00000000e8200000|  0%| F|  |TAMS 0x00000000e8100000, 0x00000000e8100000| Untracked 
| 130|0x00000000e8200000, 0x00000000e8200000, 0x00000000e8300000|  0%| F|  |TAMS 0x00000000e8200000, 0x00000000e8200000| Untracked 
| 131|0x00000000e8300000, 0x00000000e8300000, 0x00000000e8400000|  0%| F|  |TAMS 0x00000000e8300000, 0x00000000e8300000| Untracked 
| 132|0x00000000e8400000, 0x00000000e8400000, 0x00000000e8500000|  0%| F|  |TAMS 0x00000000e8400000, 0x00000000e8400000| Untracked 
| 133|0x00000000e8500000, 0x00000000e8500000, 0x00000000e8600000|  0%| F|  |TAMS 0x00000000e8500000, 0x00000000e8500000| Untracked 
| 134|0x00000000e8600000, 0x00000000e8600000, 0x00000000e8700000|  0%| F|  |TAMS 0x00000000e8600000, 0x00000000e8600000| Untracked 
| 135|0x00000000e8700000, 0x00000000e8700000, 0x00000000e8800000|  0%| F|  |TAMS 0x00000000e8700000, 0x00000000e8700000| Untracked 
| 136|0x00000000e8800000, 0x00000000e8800000, 0x00000000e8900000|  0%| F|  |TAMS 0x00000000e8800000, 0x00000000e8800000| Untracked 
| 137|0x00000000e8900000, 0x00000000e8900000, 0x00000000e8a00000|  0%| F|  |TAMS 0x00000000e8900000, 0x00000000e8900000| Untracked 
| 138|0x00000000e8a00000, 0x00000000e8a00000, 0x00000000e8b00000|  0%| F|  |TAMS 0x00000000e8a00000, 0x00000000e8a00000| Untracked 
| 139|0x00000000e8b00000, 0x00000000e8b00000, 0x00000000e8c00000|  0%| F|  |TAMS 0x00000000e8b00000, 0x00000000e8b00000| Untracked 
| 140|0x00000000e8c00000, 0x00000000e8c00000, 0x00000000e8d00000|  0%| F|  |TAMS 0x00000000e8c00000, 0x00000000e8c00000| Untracked 
| 141|0x00000000e8d00000, 0x00000000e8d00000, 0x00000000e8e00000|  0%| F|  |TAMS 0x00000000e8d00000, 0x00000000e8d00000| Untracked 
| 142|0x00000000e8e00000, 0x00000000e8e2e2a0, 0x00000000e8f00000| 18%| S|CS|TAMS 0x00000000e8e00000, 0x00000000e8e00000| Complete 
| 143|0x00000000e8f00000, 0x00000000e9000000, 0x00000000e9000000|100%| S|CS|TAMS 0x00000000e8f00000, 0x00000000e8f00000| Complete 
| 144|0x00000000e9000000, 0x00000000e9100000, 0x00000000e9100000|100%| S|CS|TAMS 0x00000000e9000000, 0x00000000e9000000| Complete 
| 145|0x00000000e9100000, 0x00000000e9200000, 0x00000000e9200000|100%| S|CS|TAMS 0x00000000e9100000, 0x00000000e9100000| Complete 
| 146|0x00000000e9200000, 0x00000000e9300000, 0x00000000e9300000|100%| S|CS|TAMS 0x00000000e9200000, 0x00000000e9200000| Complete 
| 147|0x00000000e9300000, 0x00000000e9400000, 0x00000000e9400000|100%| S|CS|TAMS 0x00000000e9300000, 0x00000000e9300000| Complete 
| 148|0x00000000e9400000, 0x00000000e9500000, 0x00000000e9500000|100%| S|CS|TAMS 0x00000000e9400000, 0x00000000e9400000| Complete 
| 149|0x00000000e9500000, 0x00000000e9600000, 0x00000000e9600000|100%| S|CS|TAMS 0x00000000e9500000, 0x00000000e9500000| Complete 
| 150|0x00000000e9600000, 0x00000000e9700000, 0x00000000e9700000|100%| S|CS|TAMS 0x00000000e9600000, 0x00000000e9600000| Complete 
| 151|0x00000000e9700000, 0x00000000e9800000, 0x00000000e9800000|100%| S|CS|TAMS 0x00000000e9700000, 0x00000000e9700000| Complete 
| 152|0x00000000e9800000, 0x00000000e9800000, 0x00000000e9900000|  0%| F|  |TAMS 0x00000000e9800000, 0x00000000e9800000| Untracked 
| 153|0x00000000e9900000, 0x00000000e9900000, 0x00000000e9a00000|  0%| F|  |TAMS 0x00000000e9900000, 0x00000000e9900000| Untracked 
| 154|0x00000000e9a00000, 0x00000000e9a00000, 0x00000000e9b00000|  0%| F|  |TAMS 0x00000000e9a00000, 0x00000000e9a00000| Untracked 
| 155|0x00000000e9b00000, 0x00000000e9b00000, 0x00000000e9c00000|  0%| F|  |TAMS 0x00000000e9b00000, 0x00000000e9b00000| Untracked 
| 156|0x00000000e9c00000, 0x00000000e9c00000, 0x00000000e9d00000|  0%| F|  |TAMS 0x00000000e9c00000, 0x00000000e9c00000| Untracked 
| 157|0x00000000e9d00000, 0x00000000e9d00000, 0x00000000e9e00000|  0%| F|  |TAMS 0x00000000e9d00000, 0x00000000e9d00000| Untracked 
| 158|0x00000000e9e00000, 0x00000000e9e00000, 0x00000000e9f00000|  0%| F|  |TAMS 0x00000000e9e00000, 0x00000000e9e00000| Untracked 
| 159|0x00000000e9f00000, 0x00000000e9f00000, 0x00000000ea000000|  0%| F|  |TAMS 0x00000000e9f00000, 0x00000000e9f00000| Untracked 
| 160|0x00000000ea000000, 0x00000000ea000000, 0x00000000ea100000|  0%| F|  |TAMS 0x00000000ea000000, 0x00000000ea000000| Untracked 
| 161|0x00000000ea100000, 0x00000000ea100000, 0x00000000ea200000|  0%| F|  |TAMS 0x00000000ea100000, 0x00000000ea100000| Untracked 
| 162|0x00000000ea200000, 0x00000000ea200000, 0x00000000ea300000|  0%| F|  |TAMS 0x00000000ea200000, 0x00000000ea200000| Untracked 
| 163|0x00000000ea300000, 0x00000000ea300000, 0x00000000ea400000|  0%| F|  |TAMS 0x00000000ea300000, 0x00000000ea300000| Untracked 
| 164|0x00000000ea400000, 0x00000000ea400000, 0x00000000ea500000|  0%| F|  |TAMS 0x00000000ea400000, 0x00000000ea400000| Untracked 
| 165|0x00000000ea500000, 0x00000000ea500000, 0x00000000ea600000|  0%| F|  |TAMS 0x00000000ea500000, 0x00000000ea500000| Untracked 
| 166|0x00000000ea600000, 0x00000000ea600000, 0x00000000ea700000|  0%| F|  |TAMS 0x00000000ea600000, 0x00000000ea600000| Untracked 
| 167|0x00000000ea700000, 0x00000000ea700000, 0x00000000ea800000|  0%| F|  |TAMS 0x00000000ea700000, 0x00000000ea700000| Untracked 
| 168|0x00000000ea800000, 0x00000000ea800000, 0x00000000ea900000|  0%| F|  |TAMS 0x00000000ea800000, 0x00000000ea800000| Untracked 
| 169|0x00000000ea900000, 0x00000000ea900000, 0x00000000eaa00000|  0%| F|  |TAMS 0x00000000ea900000, 0x00000000ea900000| Untracked 
| 170|0x00000000eaa00000, 0x00000000eaa00000, 0x00000000eab00000|  0%| F|  |TAMS 0x00000000eaa00000, 0x00000000eaa00000| Untracked 
| 171|0x00000000eab00000, 0x00000000eab00000, 0x00000000eac00000|  0%| F|  |TAMS 0x00000000eab00000, 0x00000000eab00000| Untracked 
| 172|0x00000000eac00000, 0x00000000eac00000, 0x00000000ead00000|  0%| F|  |TAMS 0x00000000eac00000, 0x00000000eac00000| Untracked 
| 173|0x00000000ead00000, 0x00000000ead00000, 0x00000000eae00000|  0%| F|  |TAMS 0x00000000ead00000, 0x00000000ead00000| Untracked 
| 174|0x00000000eae00000, 0x00000000eae00000, 0x00000000eaf00000|  0%| F|  |TAMS 0x00000000eae00000, 0x00000000eae00000| Untracked 
| 175|0x00000000eaf00000, 0x00000000eaf00000, 0x00000000eb000000|  0%| F|  |TAMS 0x00000000eaf00000, 0x00000000eaf00000| Untracked 
| 176|0x00000000eb000000, 0x00000000eb000000, 0x00000000eb100000|  0%| F|  |TAMS 0x00000000eb000000, 0x00000000eb000000| Untracked 
| 177|0x00000000eb100000, 0x00000000eb100000, 0x00000000eb200000|  0%| F|  |TAMS 0x00000000eb100000, 0x00000000eb100000| Untracked 
| 178|0x00000000eb200000, 0x00000000eb200000, 0x00000000eb300000|  0%| F|  |TAMS 0x00000000eb200000, 0x00000000eb200000| Untracked 
| 179|0x00000000eb300000, 0x00000000eb300000, 0x00000000eb400000|  0%| F|  |TAMS 0x00000000eb300000, 0x00000000eb300000| Untracked 
| 180|0x00000000eb400000, 0x00000000eb400000, 0x00000000eb500000|  0%| F|  |TAMS 0x00000000eb400000, 0x00000000eb400000| Untracked 
| 181|0x00000000eb500000, 0x00000000eb500000, 0x00000000eb600000|  0%| F|  |TAMS 0x00000000eb500000, 0x00000000eb500000| Untracked 
| 182|0x00000000eb600000, 0x00000000eb600000, 0x00000000eb700000|  0%| F|  |TAMS 0x00000000eb600000, 0x00000000eb600000| Untracked 
| 183|0x00000000eb700000, 0x00000000eb700000, 0x00000000eb800000|  0%| F|  |TAMS 0x00000000eb700000, 0x00000000eb700000| Untracked 
| 184|0x00000000eb800000, 0x00000000eb800000, 0x00000000eb900000|  0%| F|  |TAMS 0x00000000eb800000, 0x00000000eb800000| Untracked 
| 185|0x00000000eb900000, 0x00000000eb900000, 0x00000000eba00000|  0%| F|  |TAMS 0x00000000eb900000, 0x00000000eb900000| Untracked 
| 186|0x00000000eba00000, 0x00000000eba00000, 0x00000000ebb00000|  0%| F|  |TAMS 0x00000000eba00000, 0x00000000eba00000| Untracked 
| 187|0x00000000ebb00000, 0x00000000ebb00000, 0x00000000ebc00000|  0%| F|  |TAMS 0x00000000ebb00000, 0x00000000ebb00000| Untracked 
| 188|0x00000000ebc00000, 0x00000000ebc00000, 0x00000000ebd00000|  0%| F|  |TAMS 0x00000000ebc00000, 0x00000000ebc00000| Untracked 
| 189|0x00000000ebd00000, 0x00000000ebd00000, 0x00000000ebe00000|  0%| F|  |TAMS 0x00000000ebd00000, 0x00000000ebd00000| Untracked 
| 190|0x00000000ebe00000, 0x00000000ebe00000, 0x00000000ebf00000|  0%| F|  |TAMS 0x00000000ebe00000, 0x00000000ebe00000| Untracked 
| 191|0x00000000ebf00000, 0x00000000ebf00000, 0x00000000ec000000|  0%| F|  |TAMS 0x00000000ebf00000, 0x00000000ebf00000| Untracked 
| 192|0x00000000ec000000, 0x00000000ec000000, 0x00000000ec100000|  0%| F|  |TAMS 0x00000000ec000000, 0x00000000ec000000| Untracked 
| 193|0x00000000ec100000, 0x00000000ec100000, 0x00000000ec200000|  0%| F|  |TAMS 0x00000000ec100000, 0x00000000ec100000| Untracked 
| 194|0x00000000ec200000, 0x00000000ec200000, 0x00000000ec300000|  0%| F|  |TAMS 0x00000000ec200000, 0x00000000ec200000| Untracked 
| 195|0x00000000ec300000, 0x00000000ec300000, 0x00000000ec400000|  0%| F|  |TAMS 0x00000000ec300000, 0x00000000ec300000| Untracked 
| 196|0x00000000ec400000, 0x00000000ec400000, 0x00000000ec500000|  0%| F|  |TAMS 0x00000000ec400000, 0x00000000ec400000| Untracked 
| 197|0x00000000ec500000, 0x00000000ec5418a8, 0x00000000ec600000| 34%| E|  |TAMS 0x00000000ec500000, 0x00000000ec500000| Complete 
| 198|0x00000000ec600000, 0x00000000ec700000, 0x00000000ec700000|100%| E|CS|TAMS 0x00000000ec600000, 0x00000000ec600000| Complete 
| 199|0x00000000ec700000, 0x00000000ec800000, 0x00000000ec800000|100%| E|CS|TAMS 0x00000000ec700000, 0x00000000ec700000| Complete 
| 200|0x00000000ec800000, 0x00000000ec900000, 0x00000000ec900000|100%| E|CS|TAMS 0x00000000ec800000, 0x00000000ec800000| Complete 
| 201|0x00000000ec900000, 0x00000000eca00000, 0x00000000eca00000|100%| E|CS|TAMS 0x00000000ec900000, 0x00000000ec900000| Complete 
| 202|0x00000000eca00000, 0x00000000ecb00000, 0x00000000ecb00000|100%| E|CS|TAMS 0x00000000eca00000, 0x00000000eca00000| Complete 
| 203|0x00000000ecb00000, 0x00000000ecc00000, 0x00000000ecc00000|100%| E|CS|TAMS 0x00000000ecb00000, 0x00000000ecb00000| Complete 
| 204|0x00000000ecc00000, 0x00000000ecd00000, 0x00000000ecd00000|100%| E|CS|TAMS 0x00000000ecc00000, 0x00000000ecc00000| Complete 
| 205|0x00000000ecd00000, 0x00000000ece00000, 0x00000000ece00000|100%| E|CS|TAMS 0x00000000ecd00000, 0x00000000ecd00000| Complete 
| 206|0x00000000ece00000, 0x00000000ecf00000, 0x00000000ecf00000|100%| E|CS|TAMS 0x00000000ece00000, 0x00000000ece00000| Complete 
| 207|0x00000000ecf00000, 0x00000000ed000000, 0x00000000ed000000|100%| E|CS|TAMS 0x00000000ecf00000, 0x00000000ecf00000| Complete 
| 208|0x00000000ed000000, 0x00000000ed100000, 0x00000000ed100000|100%| E|CS|TAMS 0x00000000ed000000, 0x00000000ed000000| Complete 
| 209|0x00000000ed100000, 0x00000000ed200000, 0x00000000ed200000|100%| E|CS|TAMS 0x00000000ed100000, 0x00000000ed100000| Complete 
| 210|0x00000000ed200000, 0x00000000ed300000, 0x00000000ed300000|100%| E|CS|TAMS 0x00000000ed200000, 0x00000000ed200000| Complete 
| 211|0x00000000ed300000, 0x00000000ed400000, 0x00000000ed400000|100%| E|CS|TAMS 0x00000000ed300000, 0x00000000ed300000| Complete 
| 212|0x00000000ed400000, 0x00000000ed500000, 0x00000000ed500000|100%| E|CS|TAMS 0x00000000ed400000, 0x00000000ed400000| Complete 
| 213|0x00000000ed500000, 0x00000000ed600000, 0x00000000ed600000|100%| E|CS|TAMS 0x00000000ed500000, 0x00000000ed500000| Complete 
| 214|0x00000000ed600000, 0x00000000ed700000, 0x00000000ed700000|100%| E|CS|TAMS 0x00000000ed600000, 0x00000000ed600000| Complete 
| 215|0x00000000ed700000, 0x00000000ed800000, 0x00000000ed800000|100%| E|CS|TAMS 0x00000000ed700000, 0x00000000ed700000| Complete 
| 216|0x00000000ed800000, 0x00000000ed900000, 0x00000000ed900000|100%| E|CS|TAMS 0x00000000ed800000, 0x00000000ed800000| Complete 
| 217|0x00000000ed900000, 0x00000000eda00000, 0x00000000eda00000|100%| E|CS|TAMS 0x00000000ed900000, 0x00000000ed900000| Complete 
| 218|0x00000000eda00000, 0x00000000edb00000, 0x00000000edb00000|100%| E|CS|TAMS 0x00000000eda00000, 0x00000000eda00000| Complete 
| 219|0x00000000edb00000, 0x00000000edc00000, 0x00000000edc00000|100%| E|CS|TAMS 0x00000000edb00000, 0x00000000edb00000| Complete 
| 220|0x00000000edc00000, 0x00000000edd00000, 0x00000000edd00000|100%| E|CS|TAMS 0x00000000edc00000, 0x00000000edc00000| Complete 
| 221|0x00000000edd00000, 0x00000000ede00000, 0x00000000ede00000|100%| E|CS|TAMS 0x00000000edd00000, 0x00000000edd00000| Complete 
| 222|0x00000000ede00000, 0x00000000edf00000, 0x00000000edf00000|100%| E|CS|TAMS 0x00000000ede00000, 0x00000000ede00000| Complete 
| 223|0x00000000edf00000, 0x00000000ee000000, 0x00000000ee000000|100%| E|CS|TAMS 0x00000000edf00000, 0x00000000edf00000| Complete 
| 224|0x00000000ee000000, 0x00000000ee100000, 0x00000000ee100000|100%| E|CS|TAMS 0x00000000ee000000, 0x00000000ee000000| Complete 
| 225|0x00000000ee100000, 0x00000000ee200000, 0x00000000ee200000|100%| E|CS|TAMS 0x00000000ee100000, 0x00000000ee100000| Complete 
| 226|0x00000000ee200000, 0x00000000ee300000, 0x00000000ee300000|100%| E|CS|TAMS 0x00000000ee200000, 0x00000000ee200000| Complete 
| 227|0x00000000ee300000, 0x00000000ee400000, 0x00000000ee400000|100%| E|CS|TAMS 0x00000000ee300000, 0x00000000ee300000| Complete 
| 228|0x00000000ee400000, 0x00000000ee500000, 0x00000000ee500000|100%| E|CS|TAMS 0x00000000ee400000, 0x00000000ee400000| Complete 
| 229|0x00000000ee500000, 0x00000000ee600000, 0x00000000ee600000|100%| E|CS|TAMS 0x00000000ee500000, 0x00000000ee500000| Complete 
| 230|0x00000000ee600000, 0x00000000ee700000, 0x00000000ee700000|100%| E|CS|TAMS 0x00000000ee600000, 0x00000000ee600000| Complete 
| 231|0x00000000ee700000, 0x00000000ee800000, 0x00000000ee800000|100%| E|CS|TAMS 0x00000000ee700000, 0x00000000ee700000| Complete 
| 232|0x00000000ee800000, 0x00000000ee900000, 0x00000000ee900000|100%| E|CS|TAMS 0x00000000ee800000, 0x00000000ee800000| Complete 
| 233|0x00000000ee900000, 0x00000000eea00000, 0x00000000eea00000|100%| E|CS|TAMS 0x00000000ee900000, 0x00000000ee900000| Complete 
| 234|0x00000000eea00000, 0x00000000eeb00000, 0x00000000eeb00000|100%| E|CS|TAMS 0x00000000eea00000, 0x00000000eea00000| Complete 
| 235|0x00000000eeb00000, 0x00000000eec00000, 0x00000000eec00000|100%| E|CS|TAMS 0x00000000eeb00000, 0x00000000eeb00000| Complete 
| 236|0x00000000eec00000, 0x00000000eed00000, 0x00000000eed00000|100%| E|CS|TAMS 0x00000000eec00000, 0x00000000eec00000| Complete 
| 237|0x00000000eed00000, 0x00000000eee00000, 0x00000000eee00000|100%| E|CS|TAMS 0x00000000eed00000, 0x00000000eed00000| Complete 
| 238|0x00000000eee00000, 0x00000000eef00000, 0x00000000eef00000|100%| E|CS|TAMS 0x00000000eee00000, 0x00000000eee00000| Complete 
| 239|0x00000000eef00000, 0x00000000ef000000, 0x00000000ef000000|100%| E|CS|TAMS 0x00000000eef00000, 0x00000000eef00000| Complete 
| 240|0x00000000ef000000, 0x00000000ef100000, 0x00000000ef100000|100%| E|CS|TAMS 0x00000000ef000000, 0x00000000ef000000| Complete 
| 241|0x00000000ef100000, 0x00000000ef200000, 0x00000000ef200000|100%| E|CS|TAMS 0x00000000ef100000, 0x00000000ef100000| Complete 
| 242|0x00000000ef200000, 0x00000000ef300000, 0x00000000ef300000|100%| E|CS|TAMS 0x00000000ef200000, 0x00000000ef200000| Complete 
| 243|0x00000000ef300000, 0x00000000ef400000, 0x00000000ef400000|100%| E|CS|TAMS 0x00000000ef300000, 0x00000000ef300000| Complete 
| 244|0x00000000ef400000, 0x00000000ef500000, 0x00000000ef500000|100%| E|CS|TAMS 0x00000000ef400000, 0x00000000ef400000| Complete 
| 245|0x00000000ef500000, 0x00000000ef600000, 0x00000000ef600000|100%| E|CS|TAMS 0x00000000ef500000, 0x00000000ef500000| Complete 
| 246|0x00000000ef600000, 0x00000000ef700000, 0x00000000ef700000|100%| E|CS|TAMS 0x00000000ef600000, 0x00000000ef600000| Complete 
| 247|0x00000000ef700000, 0x00000000ef800000, 0x00000000ef800000|100%| E|CS|TAMS 0x00000000ef700000, 0x00000000ef700000| Complete 
| 248|0x00000000ef800000, 0x00000000ef900000, 0x00000000ef900000|100%| E|CS|TAMS 0x00000000ef800000, 0x00000000ef800000| Complete 
| 249|0x00000000ef900000, 0x00000000efa00000, 0x00000000efa00000|100%| E|CS|TAMS 0x00000000ef900000, 0x00000000ef900000| Complete 
| 250|0x00000000efa00000, 0x00000000efb00000, 0x00000000efb00000|100%| E|CS|TAMS 0x00000000efa00000, 0x00000000efa00000| Complete 
| 251|0x00000000efb00000, 0x00000000efc00000, 0x00000000efc00000|100%| E|CS|TAMS 0x00000000efb00000, 0x00000000efb00000| Complete 
| 252|0x00000000efc00000, 0x00000000efd00000, 0x00000000efd00000|100%| E|CS|TAMS 0x00000000efc00000, 0x00000000efc00000| Complete 
| 253|0x00000000efd00000, 0x00000000efe00000, 0x00000000efe00000|100%| E|CS|TAMS 0x00000000efd00000, 0x00000000efd00000| Complete 
| 254|0x00000000efe00000, 0x00000000eff00000, 0x00000000eff00000|100%| E|CS|TAMS 0x00000000efe00000, 0x00000000efe00000| Complete 
| 255|0x00000000eff00000, 0x00000000f0000000, 0x00000000f0000000|100%| E|CS|TAMS 0x00000000eff00000, 0x00000000eff00000| Complete 

Card table byte_map: [0x000001a557940000,0x000001a557a40000] _byte_map_base: 0x000001a557240000

Marking Bits (Prev, Next): (CMBitMap*) 0x000001a53df8eb20, (CMBitMap*) 0x000001a53df8eae8
 Prev Bits: [0x000001a558340000, 0x000001a558b40000)
 Next Bits: [0x000001a557b40000, 0x000001a558340000)

Polling page: 0x000001a53e050000

Metaspace:

Usage:
  Non-class:     70.77 MB capacity,    69.01 MB ( 98%) used,     1.48 MB (  2%) free+waste,   288.63 KB ( <1%) overhead. 
      Class:     10.33 MB capacity,     9.14 MB ( 88%) used,     1.06 MB ( 10%) free+waste,   129.19 KB (  1%) overhead. 
       Both:     81.10 MB capacity,    78.14 MB ( 96%) used,     2.55 MB (  3%) free+waste,   417.81 KB ( <1%) overhead. 

Virtual space:
  Non-class space:       74.00 MB reserved,      72.25 MB ( 98%) committed 
      Class space:      248.00 MB reserved,      11.38 MB (  5%) committed 
             Both:      322.00 MB reserved,      83.63 MB ( 26%) committed 

Chunk freelists:
   Non-Class:  1.41 MB
       Class:  1.05 MB
        Both:  2.46 MB

MaxMetaspaceSize: 256.00 MB
CompressedClassSpaceSize: 248.00 MB

CodeHeap 'non-profiled nmethods': size=120000Kb used=19291Kb max_used=19291Kb free=100708Kb
 bounds [0x000001a54f8b0000, 0x000001a550b90000, 0x000001a556de0000]
CodeHeap 'profiled nmethods': size=120000Kb used=38806Kb max_used=38806Kb free=81193Kb
 bounds [0x000001a548380000, 0x000001a54a9b0000, 0x000001a54f8b0000]
CodeHeap 'non-nmethods': size=5760Kb used=2287Kb max_used=2378Kb free=3473Kb
 bounds [0x000001a547de0000, 0x000001a548050000, 0x000001a548380000]
 total_blobs=30495 nmethods=17333 adapters=768
 compilation: enabled
              stopped_count=0, restarted_count=0
 full_count=0

Compilation events (20 events):
Event: 4094.088 Thread 0x000001a55cb00000 21459       4       org.gradle.internal.service.scopes.AbstractPluginServiceRegistry::registerSettingsServices (1 bytes)
Event: 4094.088 Thread 0x000001a55cb00000 nmethod 21459 0x000001a5509bf790 code [0x000001a5509bf920, 0x000001a5509bf978]
Event: 4094.088 Thread 0x000001a55cb00000 21443       4       org.codehaus.groovy.ast.expr.VariableExpression::transformExpression (2 bytes)
Event: 4094.088 Thread 0x000001a55cb00000 nmethod 21443 0x000001a550b8aa90 code [0x000001a550b8ac20, 0x000001a550b8ac78]
Event: 4094.088 Thread 0x000001a55cb00000 21445       4       groovyjarjarasm.asm.MethodWriter::visitEnd (1 bytes)
Event: 4094.089 Thread 0x000001a55bf6a800 nmethod 21458 0x000001a54a99f910 code [0x000001a54a99fbc0, 0x000001a54a9a0a60]
Event: 4094.089 Thread 0x000001a55cb00000 nmethod 21445 0x000001a550b8ad10 code [0x000001a550b8aea0, 0x000001a550b8aef8]
Event: 4094.089 Thread 0x000001a55cb00000 21447       4       groovyjarjarasm.asm.MethodWriter::visitCode (1 bytes)
Event: 4094.089 Thread 0x000001a55cb00000 nmethod 21447 0x000001a550b8af90 code [0x000001a550b8b120, 0x000001a550b8b178]
Event: 4094.091 Thread 0x000001a55cb00000 21460   !   4       org.gradle.internal.event.DefaultListenerManager$EventBroadcast::maybeRemove (87 bytes)
Event: 4094.095 Thread 0x000001a55bf6a800 21462       3       org.gradle.internal.logging.services.DefaultLoggingManager::start (194 bytes)
Event: 4094.097 Thread 0x000001a55bf6a800 nmethod 21462 0x000001a54a9a1110 code [0x000001a54a9a1480, 0x000001a54a9a2850]
Event: 4094.097 Thread 0x000001a55bf6a800 21463       3       org.gradle.internal.logging.services.DefaultLoggingManager$StartableLoggingRouter::start (50 bytes)
Event: 4094.097 Thread 0x000001a55bf6a800 nmethod 21463 0x000001a54a9a2e10 code [0x000001a54a9a3020, 0x000001a54a9a36b0]
Event: 4094.097 Thread 0x000001a55bf6a800 21464       3       org.gradle.internal.logging.source.DefaultStdOutLoggingSystem::get (4 bytes)
Event: 4094.097 Thread 0x000001a55bf6a800 nmethod 21464 0x000001a549863090 code [0x000001a549863240, 0x000001a5498633b8]
Event: 4094.104 Thread 0x000001a55bf6a800 21465       3       java.util.TreeMap::lastKey (8 bytes)
Event: 4094.105 Thread 0x000001a55bf6a800 nmethod 21465 0x000001a54a9a3910 code [0x000001a54a9a3b00, 0x000001a54a9a3f10]
Event: 4094.105 Thread 0x000001a55bf6a800 21466       3       java.util.TreeMap::key (17 bytes)
Event: 4094.105 Thread 0x000001a55bf6a800 nmethod 21466 0x000001a549fee890 code [0x000001a549feea60, 0x000001a549feecb0]

GC Heap History (20 events):
Event: 3418.695 GC heap before
{Heap before GC invocations=74 (full 0):
 garbage-first heap   total 262144K, used 211717K [0x00000000e0000000, 0x0000000100000000)
  region size 1024K, 113 young (115712K), 16 survivors (16384K)
 Metaspace       used 79877K, capacity 83128K, committed 85632K, reserved 329728K
  class space    used 9382K, capacity 10644K, committed 11648K, reserved 253952K
}
Event: 3418.701 GC heap after
{Heap after GC invocations=75 (full 0):
 garbage-first heap   total 262144K, used 112481K [0x00000000e0000000, 0x0000000100000000)
  region size 1024K, 7 young (7168K), 7 survivors (7168K)
 Metaspace       used 79877K, capacity 83128K, committed 85632K, reserved 329728K
  class space    used 9382K, capacity 10644K, committed 11648K, reserved 253952K
}
Event: 3419.014 GC heap before
{Heap before GC invocations=75 (full 0):
 garbage-first heap   total 262144K, used 211809K [0x00000000e0000000, 0x0000000100000000)
  region size 1024K, 104 young (106496K), 7 survivors (7168K)
 Metaspace       used 79924K, capacity 83164K, committed 85632K, reserved 329728K
  class space    used 9388K, capacity 10678K, committed 11648K, reserved 253952K
}
Event: 3419.019 GC heap after
{Heap after GC invocations=76 (full 0):
 garbage-first heap   total 262144K, used 114326K [0x00000000e0000000, 0x0000000100000000)
  region size 1024K, 8 young (8192K), 8 survivors (8192K)
 Metaspace       used 79924K, capacity 83164K, committed 85632K, reserved 329728K
  class space    used 9388K, capacity 10678K, committed 11648K, reserved 253952K
}
Event: 3419.861 GC heap before
{Heap before GC invocations=76 (full 0):
 garbage-first heap   total 262144K, used 214678K [0x00000000e0000000, 0x0000000100000000)
  region size 1024K, 106 young (108544K), 8 survivors (8192K)
 Metaspace       used 79939K, capacity 83165K, committed 85632K, reserved 329728K
  class space    used 9388K, capacity 10678K, committed 11648K, reserved 253952K
}
Event: 3419.871 GC heap after
{Heap after GC invocations=77 (full 0):
 garbage-first heap   total 262144K, used 126377K [0x00000000e0000000, 0x0000000100000000)
  region size 1024K, 14 young (14336K), 14 survivors (14336K)
 Metaspace       used 79939K, capacity 83165K, committed 85632K, reserved 329728K
  class space    used 9388K, capacity 10678K, committed 11648K, reserved 253952K
}
Event: 3530.792 GC heap before
{Heap before GC invocations=77 (full 0):
 garbage-first heap   total 262144K, used 210345K [0x00000000e0000000, 0x0000000100000000)
  region size 1024K, 97 young (99328K), 14 survivors (14336K)
 Metaspace       used 80103K, capacity 83379K, committed 85632K, reserved 329728K
  class space    used 9404K, capacity 10724K, committed 11648K, reserved 253952K
}
Event: 3530.797 GC heap after
{Heap after GC invocations=78 (full 0):
 garbage-first heap   total 262144K, used 124438K [0x00000000e0000000, 0x0000000100000000)
  region size 1024K, 6 young (6144K), 6 survivors (6144K)
 Metaspace       used 80103K, capacity 83379K, committed 85632K, reserved 329728K
  class space    used 9404K, capacity 10724K, committed 11648K, reserved 253952K
}
Event: 3531.106 GC heap before
{Heap before GC invocations=78 (full 0):
 garbage-first heap   total 262144K, used 210454K [0x00000000e0000000, 0x0000000100000000)
  region size 1024K, 90 young (92160K), 6 survivors (6144K)
 Metaspace       used 80145K, capacity 83479K, committed 85632K, reserved 329728K
  class space    used 9410K, capacity 10758K, committed 11648K, reserved 253952K
}
Event: 3531.116 GC heap after
{Heap after GC invocations=79 (full 0):
 garbage-first heap   total 262144K, used 126138K [0x00000000e0000000, 0x0000000100000000)
  region size 1024K, 8 young (8192K), 8 survivors (8192K)
 Metaspace       used 80145K, capacity 83479K, committed 85632K, reserved 329728K
  class space    used 9410K, capacity 10758K, committed 11648K, reserved 253952K
}
Event: 3531.357 GC heap before
{Heap before GC invocations=80 (full 0):
 garbage-first heap   total 262144K, used 199866K [0x00000000e0000000, 0x0000000100000000)
  region size 1024K, 93 young (95232K), 8 survivors (8192K)
 Metaspace       used 79637K, capacity 82465K, committed 85632K, reserved 329728K
  class space    used 9319K, capacity 10449K, committed 11648K, reserved 253952K
}
Event: 3531.363 GC heap after
{Heap after GC invocations=81 (full 0):
 garbage-first heap   total 262144K, used 115569K [0x00000000e0000000, 0x0000000100000000)
  region size 1024K, 6 young (6144K), 6 survivors (6144K)
 Metaspace       used 79637K, capacity 82465K, committed 85632K, reserved 329728K
  class space    used 9319K, capacity 10449K, committed 11648K, reserved 253952K
}
Event: 3531.431 GC heap before
{Heap before GC invocations=81 (full 0):
 garbage-first heap   total 262144K, used 120689K [0x00000000e0000000, 0x0000000100000000)
  region size 1024K, 12 young (12288K), 6 survivors (6144K)
 Metaspace       used 79637K, capacity 82465K, committed 85632K, reserved 329728K
  class space    used 9319K, capacity 10449K, committed 11648K, reserved 253952K
}
Event: 3531.437 GC heap after
{Heap after GC invocations=82 (full 0):
 garbage-first heap   total 262144K, used 93282K [0x00000000e0000000, 0x0000000100000000)
  region size 1024K, 2 young (2048K), 2 survivors (2048K)
 Metaspace       used 79637K, capacity 82465K, committed 85632K, reserved 329728K
  class space    used 9319K, capacity 10449K, committed 11648K, reserved 253952K
}
Event: 3979.799 GC heap before
{Heap before GC invocations=82 (full 0):
 garbage-first heap   total 262144K, used 197730K [0x00000000e0000000, 0x0000000100000000)
  region size 1024K, 105 young (107520K), 2 survivors (2048K)
 Metaspace       used 79804K, capacity 82671K, committed 85632K, reserved 329728K
  class space    used 9334K, capacity 10495K, committed 11648K, reserved 253952K
}
Event: 3979.805 GC heap after
{Heap after GC invocations=83 (full 0):
 garbage-first heap   total 262144K, used 101958K [0x00000000e0000000, 0x0000000100000000)
  region size 1024K, 11 young (11264K), 11 survivors (11264K)
 Metaspace       used 79804K, capacity 82671K, committed 85632K, reserved 329728K
  class space    used 9334K, capacity 10495K, committed 11648K, reserved 253952K
}
Event: 3980.142 GC heap before
{Heap before GC invocations=83 (full 0):
 garbage-first heap   total 262144K, used 202310K [0x00000000e0000000, 0x0000000100000000)
  region size 1024K, 110 young (112640K), 11 survivors (11264K)
 Metaspace       used 79841K, capacity 82706K, committed 85632K, reserved 329728K
  class space    used 9341K, capacity 10529K, committed 11648K, reserved 253952K
}
Event: 3980.149 GC heap after
{Heap after GC invocations=84 (full 0):
 garbage-first heap   total 262144K, used 102432K [0x00000000e0000000, 0x0000000100000000)
  region size 1024K, 3 young (3072K), 3 survivors (3072K)
 Metaspace       used 79841K, capacity 82706K, committed 85632K, reserved 329728K
  class space    used 9341K, capacity 10529K, committed 11648K, reserved 253952K
}
Event: 3980.607 GC heap before
{Heap before GC invocations=84 (full 0):
 garbage-first heap   total 262144K, used 206880K [0x00000000e0000000, 0x0000000100000000)
  region size 1024K, 104 young (106496K), 3 survivors (3072K)
 Metaspace       used 79855K, capacity 82706K, committed 85632K, reserved 329728K
  class space    used 9341K, capacity 10529K, committed 11648K, reserved 253952K
}
Event: 3980.611 GC heap after
{Heap after GC invocations=85 (full 0):
 garbage-first heap   total 262144K, used 109784K [0x00000000e0000000, 0x0000000100000000)
  region size 1024K, 10 young (10240K), 10 survivors (10240K)
 Metaspace       used 79855K, capacity 82706K, committed 85632K, reserved 329728K
  class space    used 9341K, capacity 10529K, committed 11648K, reserved 253952K
}

Deoptimization events (20 events):
Event: 3418.939 Thread 0x000001a56008e800 DEOPT PACKING pc=0x000001a55027bb1c sp=0x0000007b4a2fb8f0
Event: 3418.940 Thread 0x000001a56008e800 DEOPT UNPACKING pc=0x000001a547de822f sp=0x0000007b4a2fb908 mode 2
Event: 3419.269 Thread 0x000001a56008e800 DEOPT PACKING pc=0x000001a54970bac5 sp=0x0000007b4a2fb030
Event: 3419.269 Thread 0x000001a56008e800 DEOPT UNPACKING pc=0x000001a547e0a55e sp=0x0000007b4a2fa4d8 mode 0
Event: 3530.406 Thread 0x000001a560086000 Uncommon trap: trap_request=0xfffffff4 fr.pc=0x000001a54fb64554 relative=0x0000000000000194
Event: 3530.406 Thread 0x000001a560086000 Uncommon trap: reason=null_check action=make_not_entrant pc=0x000001a54fb64554 method=org.gradle.api.internal.collections.CollectionFilter.filter(Ljava/lang/Object;)Ljava/lang/Object; @ 5 c2
Event: 3530.406 Thread 0x000001a560086000 DEOPT PACKING pc=0x000001a54fb64554 sp=0x0000007b48bfb990
Event: 3530.406 Thread 0x000001a560086000 DEOPT UNPACKING pc=0x000001a547de822f sp=0x0000007b48bfb930 mode 2
Event: 3531.046 Thread 0x000001a55caff000 Uncommon trap: trap_request=0xffffffde fr.pc=0x000001a55027bb1c relative=0x00000000000045bc
Event: 3531.046 Thread 0x000001a55caff000 Uncommon trap: reason=class_check action=maybe_recompile pc=0x000001a55027bb1c method=org.gradle.api.internal.tasks.compile.incremental.classpath.ClasspathSnapshotFactory.createSnapshot(Ljava/lang/Iterable;)Lorg/gradle/api/internal/tasks/compile/increment
Event: 3531.046 Thread 0x000001a55caff000 DEOPT PACKING pc=0x000001a55027bb1c sp=0x0000007b4a2fb680
Event: 3531.046 Thread 0x000001a55caff000 DEOPT UNPACKING pc=0x000001a547de822f sp=0x0000007b4a2fb698 mode 2
Event: 3531.277 Thread 0x000001a55caff000 DEOPT PACKING pc=0x000001a54970bac5 sp=0x0000007b4a2fadc0
Event: 3531.277 Thread 0x000001a55caff000 DEOPT UNPACKING pc=0x000001a547e0a55e sp=0x0000007b4a2fa268 mode 0
Event: 3980.181 Thread 0x000001a55e087000 Uncommon trap: trap_request=0xffffffde fr.pc=0x000001a55027bb1c relative=0x00000000000045bc
Event: 3980.182 Thread 0x000001a55e087000 Uncommon trap: reason=class_check action=maybe_recompile pc=0x000001a55027bb1c method=org.gradle.api.internal.tasks.compile.incremental.classpath.ClasspathSnapshotFactory.createSnapshot(Ljava/lang/Iterable;)Lorg/gradle/api/internal/tasks/compile/increment
Event: 3980.182 Thread 0x000001a55e087000 DEOPT PACKING pc=0x000001a55027bb1c sp=0x0000007b4c7fb490
Event: 3980.182 Thread 0x000001a55e087000 DEOPT UNPACKING pc=0x000001a547de822f sp=0x0000007b4c7fb4a8 mode 2
Event: 3980.435 Thread 0x000001a55e087000 DEOPT PACKING pc=0x000001a54970bac5 sp=0x0000007b4c7fabd0
Event: 3980.435 Thread 0x000001a55e087000 DEOPT UNPACKING pc=0x000001a547e0a55e sp=0x0000007b4c7fa078 mode 0

Classes redefined (0 events):
No events

Internal exceptions (20 events):
Event: 3980.893 Thread 0x000001a55e087000 Exception <a 'sun/nio/fs/WindowsException'{0x00000000ee7d76c0}> (0x00000000ee7d76c0) thrown at [./src/hotspot/share/prims/jni.cpp, line 615]
Event: 3980.893 Thread 0x000001a55e087000 Exception <a 'sun/nio/fs/WindowsException'{0x00000000ee7d9fc8}> (0x00000000ee7d9fc8) thrown at [./src/hotspot/share/prims/jni.cpp, line 615]
Event: 3980.893 Thread 0x000001a55e087000 Exception <a 'sun/nio/fs/WindowsException'{0x00000000ee7da1d8}> (0x00000000ee7da1d8) thrown at [./src/hotspot/share/prims/jni.cpp, line 615]
Event: 3980.893 Thread 0x000001a55e087000 Exception <a 'sun/nio/fs/WindowsException'{0x00000000ee7e21d8}> (0x00000000ee7e21d8) thrown at [./src/hotspot/share/prims/jni.cpp, line 615]
Event: 3980.893 Thread 0x000001a55e087000 Exception <a 'sun/nio/fs/WindowsException'{0x00000000ee7e23f0}> (0x00000000ee7e23f0) thrown at [./src/hotspot/share/prims/jni.cpp, line 615]
Event: 3980.898 Thread 0x000001a55e087000 Exception <a 'sun/nio/fs/WindowsException'{0x00000000ee51e138}> (0x00000000ee51e138) thrown at [./src/hotspot/share/prims/jni.cpp, line 615]
Event: 3980.898 Thread 0x000001a55e087000 Exception <a 'sun/nio/fs/WindowsException'{0x00000000ee51e368}> (0x00000000ee51e368) thrown at [./src/hotspot/share/prims/jni.cpp, line 615]
Event: 3980.898 Thread 0x000001a55e087000 Exception <a 'sun/nio/fs/WindowsException'{0x00000000ee520ca8}> (0x00000000ee520ca8) thrown at [./src/hotspot/share/prims/jni.cpp, line 615]
Event: 3980.898 Thread 0x000001a55e087000 Exception <a 'sun/nio/fs/WindowsException'{0x00000000ee520ed8}> (0x00000000ee520ed8) thrown at [./src/hotspot/share/prims/jni.cpp, line 615]
Event: 3980.898 Thread 0x000001a55e087000 Exception <a 'sun/nio/fs/WindowsException'{0x00000000ee524428}> (0x00000000ee524428) thrown at [./src/hotspot/share/prims/jni.cpp, line 615]
Event: 3980.898 Thread 0x000001a55e087000 Exception <a 'sun/nio/fs/WindowsException'{0x00000000ee524658}> (0x00000000ee524658) thrown at [./src/hotspot/share/prims/jni.cpp, line 615]
Event: 3980.917 Thread 0x000001a55e087000 Exception <a 'sun/nio/fs/WindowsException'{0x00000000ee2918a8}> (0x00000000ee2918a8) thrown at [./src/hotspot/share/prims/jni.cpp, line 615]
Event: 4094.003 Thread 0x000001a55caff000 Exception <a 'sun/nio/fs/WindowsException'{0x00000000ed6ad0c8}> (0x00000000ed6ad0c8) thrown at [./src/hotspot/share/prims/jni.cpp, line 615]
Event: 4094.004 Thread 0x000001a55caff000 Exception <a 'sun/nio/fs/WindowsException'{0x00000000ed6ad2b0}> (0x00000000ed6ad2b0) thrown at [./src/hotspot/share/prims/jni.cpp, line 615]
Event: 4094.073 Thread 0x000001a55caff000 Exception <a 'sun/nio/fs/WindowsException'{0x00000000ecefeb48}> (0x00000000ecefeb48) thrown at [./src/hotspot/share/prims/jni.cpp, line 615]
Event: 4094.075 Thread 0x000001a55caff000 Exception <a 'sun/nio/fs/WindowsException'{0x00000000ecefecb8}> (0x00000000ecefecb8) thrown at [./src/hotspot/share/prims/jni.cpp, line 615]
Event: 4094.080 Thread 0x000001a55caf9800 Exception <a 'java/lang/ClassNotFoundException'{0x00000000ecd65920}: ijtestinit28_4fg063q1j6n5i378ltlzmc922BeanInfo> (0x00000000ecd65920) thrown at [./src/hotspot/share/classfile/systemDictionary.cpp, line 231]
Event: 4094.080 Thread 0x000001a55caf9800 Exception <a 'java/lang/ClassNotFoundException'{0x00000000ecd6ded0}: ijtestinit28_4fg063q1j6n5i378ltlzmc922Customizer> (0x00000000ecd6ded0) thrown at [./src/hotspot/share/classfile/systemDictionary.cpp, line 231]
Event: 4094.082 Thread 0x000001a55caf9800 Exception <a 'java/lang/ClassNotFoundException'{0x00000000ecd9fc38}: ijtestinit28_4fg063q1j6n5i378ltlzmc922$1BeanInfo> (0x00000000ecd9fc38) thrown at [./src/hotspot/share/classfile/systemDictionary.cpp, line 231]
Event: 4094.083 Thread 0x000001a55caf9800 Exception <a 'java/lang/ClassNotFoundException'{0x00000000ecda4438}: ijtestinit28_4fg063q1j6n5i378ltlzmc922$1Customizer> (0x00000000ecda4438) thrown at [./src/hotspot/share/classfile/systemDictionary.cpp, line 231]

Events (20 events):
Event: 4094.083 loading class groovy/transform/Generated
Event: 4094.083 loading class groovy/transform/Generated done
Event: 4094.083 loading class groovy/transform/Internal
Event: 4094.083 loading class groovy/transform/Internal done
Event: 4094.083 Thread 0x000001a55cb00000 Thread added: 0x000001a55cb00000
Event: 4094.083 loading class org/gradle/BuildListener
Event: 4094.083 loading class org/gradle/BuildListener done
Event: 4094.083 loading class org/gradle/api/initialization/Settings
Event: 4094.083 loading class org/gradle/api/initialization/Settings done
Event: 4094.083 loading class org/gradle/api/invocation/Gradle
Event: 4094.083 loading class org/gradle/api/invocation/Gradle done
Event: 4094.085 loading class org/codehaus/groovy/runtime/BytecodeInterface8
Event: 4094.085 loading class org/codehaus/groovy/runtime/BytecodeInterface8 done
Event: 4094.085 loading class org/codehaus/groovy/runtime/typehandling/DefaultTypeTransformation
Event: 4094.085 loading class org/codehaus/groovy/runtime/typehandling/DefaultTypeTransformation done
Event: 4094.085 loading class org/gradle/api/tasks/testing/AbstractTestTask
Event: 4094.085 loading class org/gradle/api/tasks/testing/AbstractTestTask done
Event: 4094.085 loading class groovy/runtime/metaclass/ijtestinit28_4fg063q1j6n5i378ltlzmc922$_run_closure1MetaClass
Event: 4094.085 loading class groovy/runtime/metaclass/ijtestinit28_4fg063q1j6n5i378ltlzmc922$_run_closure1MetaClass done
Event: 4094.113 Thread 0x000001a55cb01800 Thread added: 0x000001a55cb01800


Dynamic libraries:
0x00007ff73e780000 - 0x00007ff73e78d000 	C:\Program Files\AdoptOpenJDK\jdk-11.0.7.10-hotspot\bin\java.exe
0x00007ff872f90000 - 0x00007ff873185000 	C:\WINDOWS\SYSTEM32\ntdll.dll
0x00007ff871d70000 - 0x00007ff871e2d000 	C:\WINDOWS\System32\KERNEL32.DLL
0x00007ff8707c0000 - 0x00007ff870a87000 	C:\WINDOWS\System32\KERNELBASE.dll
0x00007ff870cb0000 - 0x00007ff870db0000 	C:\WINDOWS\System32\ucrtbase.dll
0x00007ff868d80000 - 0x00007ff868d97000 	C:\Program Files\AdoptOpenJDK\jdk-11.0.7.10-hotspot\bin\jli.dll
0x00007ff864670000 - 0x00007ff864685000 	C:\Program Files\AdoptOpenJDK\jdk-11.0.7.10-hotspot\bin\VCRUNTIME140.dll
0x00007ff871ae0000 - 0x00007ff871c80000 	C:\WINDOWS\System32\USER32.dll
0x00007ff870c80000 - 0x00007ff870ca2000 	C:\WINDOWS\System32\win32u.dll
0x00007ff872f20000 - 0x00007ff872f4a000 	C:\WINDOWS\System32\GDI32.dll
0x00007ff8550a0000 - 0x00007ff85533b000 	C:\WINDOWS\WinSxS\amd64_microsoft.windows.common-controls_6595b64144ccf1df_6.0.19041.488_none_ca04af081b815d21\COMCTL32.dll
0x00007ff870ee0000 - 0x00007ff870fe9000 	C:\WINDOWS\System32\gdi32full.dll
0x00007ff872d40000 - 0x00007ff872dde000 	C:\WINDOWS\System32\msvcrt.dll
0x00007ff8706d0000 - 0x00007ff87076d000 	C:\WINDOWS\System32\msvcp_win.dll
0x00007ff8713e0000 - 0x00007ff871410000 	C:\WINDOWS\System32\IMM32.DLL
0x00007ff844730000 - 0x00007ff8447cb000 	C:\Program Files\AdoptOpenJDK\jdk-11.0.7.10-hotspot\bin\msvcp140.dll
0x00007fffe7a30000 - 0x00007fffe84ec000 	C:\Program Files\AdoptOpenJDK\jdk-11.0.7.10-hotspot\bin\server\jvm.dll
0x00007ff871f70000 - 0x00007ff87201a000 	C:\WINDOWS\System32\ADVAPI32.dll
0x00007ff8715d0000 - 0x00007ff87166b000 	C:\WINDOWS\System32\sechost.dll
0x00007ff8712b0000 - 0x00007ff8713d4000 	C:\WINDOWS\System32\RPCRT4.dll
0x00007ff871c80000 - 0x00007ff871c88000 	C:\WINDOWS\System32\PSAPI.DLL
0x00007ff85ac10000 - 0x00007ff85ac19000 	C:\WINDOWS\SYSTEM32\WSOCK32.dll
0x00007ff8663a0000 - 0x00007ff8663aa000 	C:\WINDOWS\SYSTEM32\VERSION.dll
0x00007ff8553e0000 - 0x00007ff855407000 	C:\WINDOWS\SYSTEM32\WINMM.dll
0x00007ff872de0000 - 0x00007ff872e4b000 	C:\WINDOWS\System32\WS2_32.dll
0x00007ff86efd0000 - 0x00007ff86efe3000 	C:\WINDOWS\SYSTEM32\kernel.appcore.dll
0x00007ff869130000 - 0x00007ff869140000 	C:\Program Files\AdoptOpenJDK\jdk-11.0.7.10-hotspot\bin\verify.dll
0x00007ff86b350000 - 0x00007ff86b534000 	C:\WINDOWS\SYSTEM32\DBGHELP.DLL
0x00007ff861ce0000 - 0x00007ff861d0c000 	C:\WINDOWS\SYSTEM32\dbgcore.DLL
0x00007ff870db0000 - 0x00007ff870e2f000 	C:\WINDOWS\System32\bcryptPrimitives.dll
0x00007ff85a410000 - 0x00007ff85a438000 	C:\Program Files\AdoptOpenJDK\jdk-11.0.7.10-hotspot\bin\java.dll
0x00007ff85ab90000 - 0x00007ff85aba6000 	C:\Program Files\AdoptOpenJDK\jdk-11.0.7.10-hotspot\bin\zip.dll
0x00007ff868d00000 - 0x00007ff868d0a000 	C:\Program Files\AdoptOpenJDK\jdk-11.0.7.10-hotspot\bin\jimage.dll
0x00007ff8725f0000 - 0x00007ff872d31000 	C:\WINDOWS\System32\SHELL32.dll
0x00007ff86e7a0000 - 0x00007ff86ef33000 	C:\WINDOWS\SYSTEM32\windows.storage.dll
0x00007ff872020000 - 0x00007ff872375000 	C:\WINDOWS\System32\combase.dll
0x00007ff870050000 - 0x00007ff87007c000 	C:\WINDOWS\SYSTEM32\Wldp.dll
0x00007ff872e50000 - 0x00007ff872efe000 	C:\WINDOWS\System32\SHCORE.dll
0x00007ff871f10000 - 0x00007ff871f65000 	C:\WINDOWS\System32\shlwapi.dll
0x00007ff870600000 - 0x00007ff870626000 	C:\WINDOWS\SYSTEM32\profapi.dll
0x00007ff85a4e0000 - 0x00007ff85a4f9000 	C:\Program Files\AdoptOpenJDK\jdk-11.0.7.10-hotspot\bin\net.dll
0x00007ff861220000 - 0x00007ff861320000 	C:\WINDOWS\SYSTEM32\WINHTTP.dll
0x00007ff86fda0000 - 0x00007ff86fe0a000 	C:\WINDOWS\system32\mswsock.dll
0x00007ff85a050000 - 0x00007ff85a062000 	C:\Program Files\AdoptOpenJDK\jdk-11.0.7.10-hotspot\bin\nio.dll
0x00007ff868c80000 - 0x00007ff868ca7000 	C:\Users\jhone\.gradle\native\9f2fa17c089eee584f3420100432f77ec4c098959e4bf121a4d6054c26537dfb\windows-amd64\native-platform.dll
0x00007ff85a380000 - 0x00007ff85a389000 	C:\Program Files\AdoptOpenJDK\jdk-11.0.7.10-hotspot\bin\management.dll
0x00007ff859e40000 - 0x00007ff859e4b000 	C:\Program Files\AdoptOpenJDK\jdk-11.0.7.10-hotspot\bin\management_ext.dll
0x00007ff86ff40000 - 0x00007ff86ff58000 	C:\WINDOWS\SYSTEM32\CRYPTSP.dll
0x00007ff86f740000 - 0x00007ff86f774000 	C:\WINDOWS\system32\rsaenh.dll
0x00007ff870c50000 - 0x00007ff870c77000 	C:\WINDOWS\System32\bcrypt.dll
0x00007ff8705c0000 - 0x00007ff8705ee000 	C:\WINDOWS\SYSTEM32\USERENV.dll
0x00007ff86ff60000 - 0x00007ff86ff6c000 	C:\WINDOWS\SYSTEM32\CRYPTBASE.dll
0x00007ff86faa0000 - 0x00007ff86fadb000 	C:\WINDOWS\SYSTEM32\IPHLPAPI.DLL
0x00007ff871410000 - 0x00007ff871419000 	C:\WINDOWS\System32\NSI.dll
0x00007ff860830000 - 0x00007ff860847000 	C:\WINDOWS\SYSTEM32\dhcpcsvc6.DLL
0x00007ff8608f0000 - 0x00007ff86090d000 	C:\WINDOWS\SYSTEM32\dhcpcsvc.DLL
0x00007ff86fae0000 - 0x00007ff86fbab000 	C:\WINDOWS\SYSTEM32\DNSAPI.dll
0x00007ff8652b0000 - 0x00007ff8652bb000 	C:\WINDOWS\SYSTEM32\WINNSI.DLL
0x00007ff844590000 - 0x00007ff844726000 	C:\Users\jhone\.gradle\native\9f2fa17c089eee584f3420100432f77ec4c098959e4bf121a4d6054c26537dfb\windows-amd64\native-platform-file-events.dll

dbghelp: loaded successfully - version: 4.0.5 - missing functions: none
symbol engine: initialized successfully - sym options: 0x614 - pdb path: .;C:\Program Files\AdoptOpenJDK\jdk-11.0.7.10-hotspot\bin;C:\WINDOWS\SYSTEM32;C:\WINDOWS\WinSxS\amd64_microsoft.windows.common-controls_6595b64144ccf1df_6.0.19041.488_none_ca04af081b815d21;C:\Program Files\AdoptOpenJDK\jdk-11.0.7.10-hotspot\bin\server;C:\Users\jhone\.gradle\native\9f2fa17c089eee584f3420100432f77ec4c098959e4bf121a4d6054c26537dfb\windows-amd64

VM Arguments:
jvm_args: --add-opens=java.base/java.util=ALL-UNNAMED --add-opens=java.base/java.lang=ALL-UNNAMED --add-opens=java.base/java.lang.invoke=ALL-UNNAMED --add-opens=java.prefs/java.util.prefs=ALL-UNNAMED -XX:MaxMetaspaceSize=256m -XX:+HeapDumpOnOutOfMemoryError -Xms256m -Xmx512m -Dfile.encoding=windows-1252 -Duser.country=CO -Duser.language=es -Duser.variant 
java_command: org.gradle.launcher.daemon.bootstrap.GradleDaemon 6.6.1
java_class_path (initial): C:\Users\jhone\.gradle\wrapper\dists\gradle-6.6.1-all\ejrtlte9hlw8v6ii20a9584rs\gradle-6.6.1\lib\gradle-launcher-6.6.1.jar
Launcher Type: SUN_STANDARD

[Global flags]
     intx CICompilerCount                          = 4                                         {product} {ergonomic}
   size_t CompressedClassSpaceSize                 = 260046848                                 {product} {ergonomic}
     uint ConcGCThreads                            = 2                                         {product} {ergonomic}
     uint G1ConcRefinementThreads                  = 8                                         {product} {ergonomic}
   size_t G1HeapRegionSize                         = 1048576                                   {product} {ergonomic}
    uintx GCDrainStackTargetSize                   = 64                                        {product} {ergonomic}
     bool HeapDumpOnOutOfMemoryError               = true                                   {manageable} {command line}
   size_t InitialHeapSize                          = 268435456                                 {product} {command line}
   size_t MarkStackSize                            = 4194304                                   {product} {ergonomic}
   size_t MaxHeapSize                              = 536870912                                 {product} {command line}
   size_t MaxMetaspaceSize                         = 268435456                                 {product} {command line}
   size_t MaxNewSize                               = 321912832                                 {product} {ergonomic}
   size_t MinHeapDeltaBytes                        = 1048576                                   {product} {ergonomic}
    uintx NonNMethodCodeHeapSize                   = 5836300                                {pd product} {ergonomic}
    uintx NonProfiledCodeHeapSize                  = 122910970                              {pd product} {ergonomic}
    uintx ProfiledCodeHeapSize                     = 122910970                              {pd product} {ergonomic}
    uintx ReservedCodeCacheSize                    = 251658240                              {pd product} {ergonomic}
     bool SegmentedCodeCache                       = true                                      {product} {ergonomic}
     bool UseCompressedClassPointers               = true                                 {lp64_product} {ergonomic}
     bool UseCompressedOops                        = true                                 {lp64_product} {ergonomic}
     bool UseG1GC                                  = true                                      {product} {ergonomic}
     bool UseLargePagesIndividualAllocation        = false                                  {pd product} {ergonomic}

Logging:
Log output configuration:
 #0: stdout all=warning uptime,level,tags
 #1: stderr all=off uptime,level,tags

Environment Variables:
PATH=C:\Program Files\AdoptOpenJDK\jdk-11.0.7.10-hotspot\bin;C:\WINDOWS\system32;C:\WINDOWS;C:\WINDOWS\System32\Wbem;C:\WINDOWS\System32\WindowsPowerShell\v1.0\;C:\WINDOWS\System32\OpenSSH\;C:\Program Files\Docker\Docker\resources\bin;C:\ProgramData\DockerDesktop\version-bin;C:\Program Files\MongoDB\Server\4.4\bin;C:\Program Files\Git\cmd;C:\Users\jhone\AppData\Local\Microsoft\WindowsApps;;C:\Users\jhone\AppData\Local\Programs\Microsoft VS Code\bin
USERNAME=jhone
OS=Windows_NT
PROCESSOR_IDENTIFIER=Intel64 Family 6 Model 126 Stepping 5, GenuineIntel



---------------  S Y S T E M  ---------------

OS: Windows 10 , 64 bit Build 19041 (10.0.19041.292)
OS uptime: 1 days 1:00 hours
HyperV virtualization detected

CPU:total 8 (initial active 8) (4 cores per cpu, 2 threads per core) family 6 model 126 stepping 5, cmov, cx8, fxsr, mmx, sse, sse2, sse3, ssse3, sse4.1, sse4.2, popcnt, avx, avx2, aes, clmul, erms, 3dnowpref, lzcnt, ht, tsc, tscinvbit, bmi1, bmi2, adx, evex, sha, fma

Memory: 4k page, system-wide physical 12063M (648M free)
TotalPageFile size 16415M (AvailPageFile size 2751M)
current process WorkingSet (physical memory assigned to process): 543M, peak: 549M
current process commit charge ("private bytes"): 578M, peak: 586M

vm_info: OpenJDK 64-Bit Server VM (11.0.7+10) for windows-amd64 JRE (11.0.7+10), built on Apr 22 2020 11:46:09 by "" with MS VC++ 15.9 (VS2017)

END.
